The system is: Windows - 10.0.19044 - AMD64
Compiling the CXX compiler identification source file "CMakeCXXCompilerId.cpp" succeeded.
Compiler: C:/Program Files/Microsoft Visual Studio/2022/Community/VC/Tools/MSVC/14.32.31326/bin/Hostx86/x86/cl.exe 
Build flags: 
Id flags:  

The output was:
0
用于 x86 的 Microsoft (R) C/C++ 优化编译器 19.32.31329 版
版权所有(C) Microsoft Corporation。保留所有权利。

CMakeCXXCompilerId.cpp
Microsoft (R) Incremental Linker Version 14.32.31329.0
Copyright (C) Microsoft Corporation.  All rights reserved.

/out:CMakeCXXCompilerId.exe 
CMakeCXXCompilerId.obj 


Compilation of the CXX compiler identification source "CMakeCXXCompilerId.cpp" produced "CMakeCXXCompilerId.exe"

Compilation of the CXX compiler identification source "CMakeCXXCompilerId.cpp" produced "CMakeCXXCompilerId.obj"

The CXX compiler identification is MSVC, found in "C:/code/Zero/cmake-build-debug/CMakeFiles/3.21.1/CompilerIdCXX/CMakeCXXCompilerId.exe"

Detecting CXX compiler ABI info compiled with the following output:
Change Dir: C:/code/Zero/cmake-build-debug/CMakeFiles/CMakeTmp

Run Build Command(s):C:/Program Files/JetBrains/CLion 2021.3.4/bin/ninja/win/ninja.exe cmTC_304ea && [1/2] Building CXX object CMakeFiles\cmTC_304ea.dir\CMakeCXXCompilerABI.cpp.obj
[2/2] Linking CXX executable cmTC_304ea.exe



Compiling the C compiler identification source file "CMakeCCompilerId.c" succeeded.
Compiler: C:/Program Files/Microsoft Visual Studio/2022/Community/VC/Tools/MSVC/14.32.31326/bin/Hostx86/x86/cl.exe 
Build flags: 
Id flags:  

The output was:
0
用于 x86 的 Microsoft (R) C/C++ 优化编译器 19.32.31329 版
版权所有(C) Microsoft Corporation。保留所有权利。

CMakeCCompilerId.c
Microsoft (R) Incremental Linker Version 14.32.31329.0
Copyright (C) Microsoft Corporation.  All rights reserved.

/out:CMakeCCompilerId.exe 
CMakeCCompilerId.obj 


Compilation of the C compiler identification source "CMakeCCompilerId.c" produced "CMakeCCompilerId.exe"

Compilation of the C compiler identification source "CMakeCCompilerId.c" produced "CMakeCCompilerId.obj"

The C compiler identification is MSVC, found in "C:/code/Zero/cmake-build-debug/CMakeFiles/3.21.1/CompilerIdC/CMakeCCompilerId.exe"

Detecting C compiler ABI info compiled with the following output:
Change Dir: C:/code/Zero/cmake-build-debug/CMakeFiles/CMakeTmp

Run Build Command(s):C:/Program Files/JetBrains/CLion 2021.3.4/bin/ninja/win/ninja.exe cmTC_716ed && [1/2] Building C object CMakeFiles\cmTC_716ed.dir\CMakeCCompilerABI.c.obj
[2/2] Linking C executable cmTC_716ed.exe



Determining if the include file sys/types.h exists passed with the following output:
Change Dir: C:/code/Zero/cmake-build-debug/CMakeFiles/CMakeTmp

Run Build Command(s):C:/Program Files/JetBrains/CLion 2021.3.4/bin/ninja/win/ninja.exe cmTC_11599 && [1/2] Building C object CMakeFiles\cmTC_11599.dir\CheckIncludeFile.c.obj
[2/2] Linking C executable cmTC_11599.exe



Determining if the include file stdint.h exists passed with the following output:
Change Dir: C:/code/Zero/cmake-build-debug/CMakeFiles/CMakeTmp

Run Build Command(s):C:/Program Files/JetBrains/CLion 2021.3.4/bin/ninja/win/ninja.exe cmTC_af288 && [1/2] Building C object CMakeFiles\cmTC_af288.dir\CheckIncludeFile.c.obj
[2/2] Linking C executable cmTC_af288.exe



Determining if the include file stddef.h exists passed with the following output:
Change Dir: C:/code/Zero/cmake-build-debug/CMakeFiles/CMakeTmp

Run Build Command(s):C:/Program Files/JetBrains/CLion 2021.3.4/bin/ninja/win/ninja.exe cmTC_8d374 && [1/2] Building C object CMakeFiles\cmTC_8d374.dir\CheckIncludeFile.c.obj
[2/2] Linking C executable cmTC_8d374.exe



