\BOOKMARK [0][-]{chapter.1}{\376\377\0001\000\040\000R\000E\000A\000D\000M\000E}{}% 1
\BOOKMARK [0][-]{chapter.2}{\376\377\0002\000\040\000T\000o\000d\000o\000\040\000L\000i\000s\000t}{}% 2
\BOOKMARK [0][-]{chapter.3}{\376\377\0003\000\040\000M\000o\000d\000u\000l\000e\000\040\000I\000n\000d\000e\000x}{}% 3
\BOOKMARK [1][-]{section.3.1}{\376\377\0003\000.\0001\000\040\000M\000o\000d\000u\000l\000e\000s}{chapter.3}% 4
\BOOKMARK [0][-]{chapter.4}{\376\377\0004\000\040\000H\000i\000e\000r\000a\000r\000c\000h\000i\000c\000a\000l\000\040\000I\000n\000d\000e\000x}{}% 5
\BOOKMARK [1][-]{section.4.1}{\376\377\0004\000.\0001\000\040\000C\000l\000a\000s\000s\000\040\000H\000i\000e\000r\000a\000r\000c\000h\000y}{chapter.4}% 6
\BOOKMARK [0][-]{chapter.5}{\376\377\0005\000\040\000C\000l\000a\000s\000s\000\040\000I\000n\000d\000e\000x}{}% 7
\BOOKMARK [1][-]{section.5.1}{\376\377\0005\000.\0001\000\040\000C\000l\000a\000s\000s\000\040\000L\000i\000s\000t}{chapter.5}% 8
\BOOKMARK [0][-]{chapter.6}{\376\377\0006\000\040\000F\000i\000l\000e\000\040\000I\000n\000d\000e\000x}{}% 9
\BOOKMARK [1][-]{section.6.1}{\376\377\0006\000.\0001\000\040\000F\000i\000l\000e\000\040\000L\000i\000s\000t}{chapter.6}% 10
\BOOKMARK [0][-]{chapter.7}{\376\377\0007\000\040\000M\000o\000d\000u\000l\000e\000\040\000D\000o\000c\000u\000m\000e\000n\000t\000a\000t\000i\000o\000n}{}% 11
\BOOKMARK [1][-]{section.7.1}{\376\377\0007\000.\0001\000\040\000G\000e\000o\000m\000e\000t\000r\000y}{chapter.7}% 12
\BOOKMARK [2][-]{subsection.7.1.1}{\376\377\0007\000.\0001\000.\0001\000\040\000D\000e\000t\000a\000i\000l\000e\000d\000\040\000D\000e\000s\000c\000r\000i\000p\000t\000i\000o\000n}{section.7.1}% 13
\BOOKMARK [0][-]{chapter.8}{\376\377\0008\000\040\000C\000l\000a\000s\000s\000\040\000D\000o\000c\000u\000m\000e\000n\000t\000a\000t\000i\000o\000n}{}% 14
\BOOKMARK [1][-]{section.8.1}{\376\377\0008\000.\0001\000\040\000B\000o\000u\000n\000d\000i\000n\000g\000B\000o\000x\0003\000<\000\040\000B\000a\000s\000e\000T\000y\000p\000e\000\040\000>\000\040\000C\000l\000a\000s\000s\000\040\000T\000e\000m\000p\000l\000a\000t\000e\000\040\000R\000e\000f\000e\000r\000e\000n\000c\000e}{chapter.8}% 15
\BOOKMARK [2][-]{subsection.8.1.1}{\376\377\0008\000.\0001\000.\0001\000\040\000D\000e\000t\000a\000i\000l\000e\000d\000\040\000D\000e\000s\000c\000r\000i\000p\000t\000i\000o\000n}{section.8.1}% 16
\BOOKMARK [2][-]{subsection.8.1.2}{\376\377\0008\000.\0001\000.\0002\000\040\000M\000e\000m\000b\000e\000r\000\040\000F\000u\000n\000c\000t\000i\000o\000n\000\040\000D\000o\000c\000u\000m\000e\000n\000t\000a\000t\000i\000o\000n}{section.8.1}% 17
\BOOKMARK [3][-]{subsubsection.8.1.2.1}{\376\377\0008\000.\0001\000.\0002\000.\0001\000\040\000I\000n\000t\000e\000r\000s\000e\000c\000t\000i\000o\000n\000\050\000\051}{subsection.8.1.2}% 18
\BOOKMARK [3][-]{subsubsection.8.1.2.2}{\376\377\0008\000.\0001\000.\0002\000.\0002\000\040\000S\000u\000r\000f\000a\000c\000e\000A\000r\000e\000a\000\050\000\051}{subsection.8.1.2}% 19
\BOOKMARK [1][-]{section.8.2}{\376\377\0008\000.\0002\000\040\000C\000o\000e\000f\000f\000i\000c\000i\000e\000n\000t\000S\000p\000e\000c\000t\000r\000u\000m\000<\000\040\000n\000S\000a\000m\000p\000l\000e\000s\000\040\000>\000\040\000C\000l\000a\000s\000s\000\040\000T\000e\000m\000p\000l\000a\000t\000e\000\040\000R\000e\000f\000e\000r\000e\000n\000c\000e}{chapter.8}% 20
\BOOKMARK [2][-]{subsection.8.2.1}{\376\377\0008\000.\0002\000.\0001\000\040\000D\000e\000t\000a\000i\000l\000e\000d\000\040\000D\000e\000s\000c\000r\000i\000p\000t\000i\000o\000n}{section.8.2}% 21
\BOOKMARK [2][-]{subsection.8.2.2}{\376\377\0008\000.\0002\000.\0002\000\040\000M\000e\000m\000b\000e\000r\000\040\000F\000u\000n\000c\000t\000i\000o\000n\000\040\000D\000o\000c\000u\000m\000e\000n\000t\000a\000t\000i\000o\000n}{section.8.2}% 22
\BOOKMARK [3][-]{subsubsection.8.2.2.1}{\376\377\0008\000.\0002\000.\0002\000.\0001\000\040\000o\000p\000e\000r\000a\000t\000o\000r\000/\000\050\000\051\000\040\000[\0001\000/\0002\000]}{subsection.8.2.2}% 23
\BOOKMARK [3][-]{subsubsection.8.2.2.2}{\376\377\0008\000.\0002\000.\0002\000.\0002\000\040\000o\000p\000e\000r\000a\000t\000o\000r\000/\000\050\000\051\000\040\000[\0002\000/\0002\000]}{subsection.8.2.2}% 24
\BOOKMARK [3][-]{subsubsection.8.2.2.3}{\376\377\0008\000.\0002\000.\0002\000.\0003\000\040\000o\000p\000e\000r\000a\000t\000o\000r\000/\000=\000\050\000\051\000\040\000[\0001\000/\0002\000]}{subsection.8.2.2}% 25
\BOOKMARK [3][-]{subsubsection.8.2.2.4}{\376\377\0008\000.\0002\000.\0002\000.\0004\000\040\000o\000p\000e\000r\000a\000t\000o\000r\000/\000=\000\050\000\051\000\040\000[\0002\000/\0002\000]}{subsection.8.2.2}% 26
\BOOKMARK [3][-]{subsubsection.8.2.2.5}{\376\377\0008\000.\0002\000.\0002\000.\0005\000\040\000o\000p\000e\000r\000a\000t\000o\000r\000[\000]\000\050\000\051\000\040\000[\0001\000/\0002\000]}{subsection.8.2.2}% 27
\BOOKMARK [3][-]{subsubsection.8.2.2.6}{\376\377\0008\000.\0002\000.\0002\000.\0006\000\040\000o\000p\000e\000r\000a\000t\000o\000r\000[\000]\000\050\000\051\000\040\000[\0002\000/\0002\000]}{subsection.8.2.2}% 28
\BOOKMARK [3][-]{subsubsection.8.2.2.7}{\376\377\0008\000.\0002\000.\0002\000.\0007\000\040\000t\000o\000X\000Y\000Z\0003\000\050\000\051}{subsection.8.2.2}% 29
\BOOKMARK [2][-]{subsection.8.2.3}{\376\377\0008\000.\0002\000.\0003\000\040\000F\000r\000i\000e\000n\000d\000s\000\040\000A\000n\000d\000\040\000R\000e\000l\000a\000t\000e\000d\000\040\000F\000u\000n\000c\000t\000i\000o\000n\000\040\000D\000o\000c\000u\000m\000e\000n\000t\000a\000t\000i\000o\000n}{section.8.2}% 30
\BOOKMARK [3][-]{subsubsection.8.2.3.1}{\376\377\0008\000.\0002\000.\0003\000.\0001\000\040\000s\000q\000r\000t}{subsection.8.2.3}% 31
\BOOKMARK [1][-]{section.8.3}{\376\377\0008\000.\0003\000\040\000C\000o\000o\000r\000d\000C\000o\000n\000v\000e\000r\000t\000o\000r\000\040\000C\000l\000a\000s\000s\000\040\000R\000e\000f\000e\000r\000e\000n\000c\000e}{chapter.8}% 32
\BOOKMARK [2][-]{subsection.8.3.1}{\376\377\0008\000.\0003\000.\0001\000\040\000D\000e\000t\000a\000i\000l\000e\000d\000\040\000D\000e\000s\000c\000r\000i\000p\000t\000i\000o\000n}{section.8.3}% 33
\BOOKMARK [2][-]{subsection.8.3.2}{\376\377\0008\000.\0003\000.\0002\000\040\000M\000e\000m\000b\000e\000r\000\040\000F\000u\000n\000c\000t\000i\000o\000n\000\040\000D\000o\000c\000u\000m\000e\000n\000t\000a\000t\000i\000o\000n}{section.8.3}% 34
\BOOKMARK [3][-]{subsubsection.8.3.2.1}{\376\377\0008\000.\0003\000.\0002\000.\0001\000\040\000c\000a\000r\000t\000e\000s\000i\000a\000n\0002\000S\000p\000h\000e\000r\000i\000c\000a\000l\000\050\000\051}{subsection.8.3.2}% 35
\BOOKMARK [1][-]{section.8.4}{\376\377\0008\000.\0004\000\040\000P\000i\000x\000e\000l\000S\000a\000m\000p\000l\000e\000r\000\040\000C\000l\000a\000s\000s\000\040\000R\000e\000f\000e\000r\000e\000n\000c\000e}{chapter.8}% 36
\BOOKMARK [2][-]{subsection.8.4.1}{\376\377\0008\000.\0004\000.\0001\000\040\000D\000e\000t\000a\000i\000l\000e\000d\000\040\000D\000e\000s\000c\000r\000i\000p\000t\000i\000o\000n}{section.8.4}% 37
\BOOKMARK [1][-]{section.8.5}{\376\377\0008\000.\0005\000\040\000R\000a\000n\000d\000o\000m\000N\000u\000m\000b\000e\000r\000G\000e\000n\000e\000r\000a\000t\000o\000r\000\040\000C\000l\000a\000s\000s\000\040\000R\000e\000f\000e\000r\000e\000n\000c\000e}{chapter.8}% 38
\BOOKMARK [2][-]{subsection.8.5.1}{\376\377\0008\000.\0005\000.\0001\000\040\000D\000e\000t\000a\000i\000l\000e\000d\000\040\000D\000e\000s\000c\000r\000i\000p\000t\000i\000o\000n}{section.8.5}% 39
\BOOKMARK [1][-]{section.8.6}{\376\377\0008\000.\0006\000\040\000R\000G\000B\000S\000p\000e\000c\000t\000r\000u\000m\000\040\000C\000l\000a\000s\000s\000\040\000R\000e\000f\000e\000r\000e\000n\000c\000e}{chapter.8}% 40
\BOOKMARK [2][-]{subsection.8.6.1}{\376\377\0008\000.\0006\000.\0001\000\040\000D\000e\000t\000a\000i\000l\000e\000d\000\040\000D\000e\000s\000c\000r\000i\000p\000t\000i\000o\000n}{section.8.6}% 41
\BOOKMARK [1][-]{section.8.7}{\376\377\0008\000.\0007\000\040\000S\000a\000m\000p\000l\000e\000d\000S\000p\000e\000c\000t\000r\000u\000m\000\040\000C\000l\000a\000s\000s\000\040\000R\000e\000f\000e\000r\000e\000n\000c\000e}{chapter.8}% 42
\BOOKMARK [2][-]{subsection.8.7.1}{\376\377\0008\000.\0007\000.\0001\000\040\000D\000e\000t\000a\000i\000l\000e\000d\000\040\000D\000e\000s\000c\000r\000i\000p\000t\000i\000o\000n}{section.8.7}% 43
\BOOKMARK [2][-]{subsection.8.7.2}{\376\377\0008\000.\0007\000.\0002\000\040\000M\000e\000m\000b\000e\000r\000\040\000F\000u\000n\000c\000t\000i\000o\000n\000\040\000D\000o\000c\000u\000m\000e\000n\000t\000a\000t\000i\000o\000n}{section.8.7}% 44
\BOOKMARK [3][-]{subsubsection.8.7.2.1}{\376\377\0008\000.\0007\000.\0002\000.\0001\000\040\000t\000o\000X\000Y\000Z\0003\000\050\000\051}{subsection.8.7.2}% 45
\BOOKMARK [1][-]{section.8.8}{\376\377\0008\000.\0008\000\040\000S\000p\000e\000c\000t\000r\000u\000m\000S\000a\000m\000p\000l\000e\000\040\000S\000t\000r\000u\000c\000t\000\040\000R\000e\000f\000e\000r\000e\000n\000c\000e}{chapter.8}% 46
\BOOKMARK [2][-]{subsection.8.8.1}{\376\377\0008\000.\0008\000.\0001\000\040\000D\000e\000t\000a\000i\000l\000e\000d\000\040\000D\000e\000s\000c\000r\000i\000p\000t\000i\000o\000n}{section.8.8}% 47
\BOOKMARK [0][-]{chapter.9}{\376\377\0009\000\040\000F\000i\000l\000e\000\040\000D\000o\000c\000u\000m\000e\000n\000t\000a\000t\000i\000o\000n}{}% 48
\BOOKMARK [1][-]{section.9.1}{\376\377\0009\000.\0001\000\040\000A\000t\000t\000r\000i\000b\000u\000t\000e\000.\000h}{chapter.9}% 49
\BOOKMARK [1][-]{section.9.2}{\376\377\0009\000.\0002\000\040\000/\000m\000n\000t\000/\000r\000e\000n\000d\000e\000r\000e\000r\000/\000Z\000e\000r\000o\000/\000s\000r\000c\000/\000C\000o\000r\000e\000L\000a\000y\000e\000r\000/\000A\000d\000a\000p\000t\000e\000r\000/\000R\000a\000n\000d\000o\000m\000.\000h\000\040\000F\000i\000l\000e\000\040\000R\000e\000f\000e\000r\000e\000n\000c\000e}{chapter.9}% 50
\BOOKMARK [2][-]{subsection.9.2.1}{\376\377\0009\000.\0002\000.\0001\000\040\000D\000e\000t\000a\000i\000l\000e\000d\000\040\000D\000e\000s\000c\000r\000i\000p\000t\000i\000o\000n}{section.9.2}% 51
\BOOKMARK [1][-]{section.9.3}{\376\377\0009\000.\0003\000\040\000R\000a\000n\000d\000o\000m\000.\000h}{chapter.9}% 52
\BOOKMARK [1][-]{section.9.4}{\376\377\0009\000.\0004\000\040\000/\000m\000n\000t\000/\000r\000e\000n\000d\000e\000r\000e\000r\000/\000Z\000e\000r\000o\000/\000s\000r\000c\000/\000C\000o\000r\000e\000L\000a\000y\000e\000r\000/\000C\000o\000l\000o\000r\000S\000p\000a\000c\000e\000/\000C\000o\000l\000o\000r\000.\000h\000\040\000F\000i\000l\000e\000\040\000R\000e\000f\000e\000r\000e\000n\000c\000e}{chapter.9}% 53
\BOOKMARK [2][-]{subsection.9.4.1}{\376\377\0009\000.\0004\000.\0001\000\040\000D\000e\000t\000a\000i\000l\000e\000d\000\040\000D\000e\000s\000c\000r\000i\000p\000t\000i\000o\000n}{section.9.4}% 54
\BOOKMARK [1][-]{section.9.5}{\376\377\0009\000.\0005\000\040\000C\000o\000l\000o\000r\000.\000h}{chapter.9}% 55
\BOOKMARK [1][-]{section.9.6}{\376\377\0009\000.\0006\000\040\000/\000m\000n\000t\000/\000r\000e\000n\000d\000e\000r\000e\000r\000/\000Z\000e\000r\000o\000/\000s\000r\000c\000/\000C\000o\000r\000e\000L\000a\000y\000e\000r\000/\000G\000e\000o\000m\000e\000t\000r\000y\000/\000B\000o\000u\000n\000d\000i\000n\000g\000B\000o\000x\000.\000c\000p\000p\000\040\000F\000i\000l\000e\000\040\000R\000e\000f\000e\000r\000e\000n\000c\000e}{chapter.9}% 56
\BOOKMARK [2][-]{subsection.9.6.1}{\376\377\0009\000.\0006\000.\0001\000\040\000D\000e\000t\000a\000i\000l\000e\000d\000\040\000D\000e\000s\000c\000r\000i\000p\000t\000i\000o\000n}{section.9.6}% 57
\BOOKMARK [1][-]{section.9.7}{\376\377\0009\000.\0007\000\040\000/\000m\000n\000t\000/\000r\000e\000n\000d\000e\000r\000e\000r\000/\000Z\000e\000r\000o\000/\000s\000r\000c\000/\000C\000o\000r\000e\000L\000a\000y\000e\000r\000/\000G\000e\000o\000m\000e\000t\000r\000y\000/\000B\000o\000u\000n\000d\000i\000n\000g\000B\000o\000x\000.\000h\000\040\000F\000i\000l\000e\000\040\000R\000e\000f\000e\000r\000e\000n\000c\000e}{chapter.9}% 58
\BOOKMARK [2][-]{subsection.9.7.1}{\376\377\0009\000.\0007\000.\0001\000\040\000D\000e\000t\000a\000i\000l\000e\000d\000\040\000D\000e\000s\000c\000r\000i\000p\000t\000i\000o\000n}{section.9.7}% 59
\BOOKMARK [2][-]{subsection.9.7.2}{\376\377\0009\000.\0007\000.\0002\000\040\000F\000u\000n\000c\000t\000i\000o\000n\000\040\000D\000o\000c\000u\000m\000e\000n\000t\000a\000t\000i\000o\000n}{section.9.7}% 60
\BOOKMARK [3][-]{subsubsection.9.7.2.1}{\376\377\0009\000.\0007\000.\0002\000.\0001\000\040\000B\000o\000u\000n\000d\000i\000n\000g\000B\000o\000x\000U\000n\000i\000o\000n\000\050\000\051}{subsection.9.7.2}% 61
\BOOKMARK [3][-]{subsubsection.9.7.2.2}{\376\377\0009\000.\0007\000.\0002\000.\0002\000\040\000B\000o\000u\000n\000d\000i\000n\000g\000B\000o\000x\000U\000n\000i\000o\000n\000I\000n\000t\000e\000r\000s\000e\000c\000t\000\050\000\051}{subsection.9.7.2}% 62
\BOOKMARK [1][-]{section.9.8}{\376\377\0009\000.\0008\000\040\000B\000o\000u\000n\000d\000i\000n\000g\000B\000o\000x\000.\000h}{chapter.9}% 63
\BOOKMARK [1][-]{section.9.9}{\376\377\0009\000.\0009\000\040\000/\000m\000n\000t\000/\000r\000e\000n\000d\000e\000r\000e\000r\000/\000Z\000e\000r\000o\000/\000s\000r\000c\000/\000C\000o\000r\000e\000L\000a\000y\000e\000r\000/\000G\000e\000o\000m\000e\000t\000r\000y\000/\000C\000o\000o\000r\000d\000C\000o\000n\000v\000e\000r\000t\000o\000r\000.\000c\000p\000p\000\040\000F\000i\000l\000e\000\040\000R\000e\000f\000e\000r\000e\000n\000c\000e}{chapter.9}% 64
\BOOKMARK [2][-]{subsection.9.9.1}{\376\377\0009\000.\0009\000.\0001\000\040\000D\000e\000t\000a\000i\000l\000e\000d\000\040\000D\000e\000s\000c\000r\000i\000p\000t\000i\000o\000n}{section.9.9}% 65
\BOOKMARK [1][-]{section.9.10}{\376\377\0009\000.\0001\0000\000\040\000/\000m\000n\000t\000/\000r\000e\000n\000d\000e\000r\000e\000r\000/\000Z\000e\000r\000o\000/\000s\000r\000c\000/\000C\000o\000r\000e\000L\000a\000y\000e\000r\000/\000G\000e\000o\000m\000e\000t\000r\000y\000/\000C\000o\000o\000r\000d\000C\000o\000n\000v\000e\000r\000t\000o\000r\000.\000h\000\040\000F\000i\000l\000e\000\040\000R\000e\000f\000e\000r\000e\000n\000c\000e}{chapter.9}% 66
\BOOKMARK [2][-]{subsection.9.10.1}{\376\377\0009\000.\0001\0000\000.\0001\000\040\000D\000e\000t\000a\000i\000l\000e\000d\000\040\000D\000e\000s\000c\000r\000i\000p\000t\000i\000o\000n}{section.9.10}% 67
\BOOKMARK [1][-]{section.9.11}{\376\377\0009\000.\0001\0001\000\040\000C\000o\000o\000r\000d\000C\000o\000n\000v\000e\000r\000t\000o\000r\000.\000h}{chapter.9}% 68
\BOOKMARK [1][-]{section.9.12}{\376\377\0009\000.\0001\0002\000\040\000/\000m\000n\000t\000/\000r\000e\000n\000d\000e\000r\000e\000r\000/\000Z\000e\000r\000o\000/\000s\000r\000c\000/\000C\000o\000r\000e\000L\000a\000y\000e\000r\000/\000G\000e\000o\000m\000e\000t\000r\000y\000/\000F\000r\000a\000m\000e\000.\000h\000\040\000F\000i\000l\000e\000\040\000R\000e\000f\000e\000r\000e\000n\000c\000e}{chapter.9}% 69
\BOOKMARK [2][-]{subsection.9.12.1}{\376\377\0009\000.\0001\0002\000.\0001\000\040\000D\000e\000t\000a\000i\000l\000e\000d\000\040\000D\000e\000s\000c\000r\000i\000p\000t\000i\000o\000n}{section.9.12}% 70
\BOOKMARK [1][-]{section.9.13}{\376\377\0009\000.\0001\0003\000\040\000F\000r\000a\000m\000e\000.\000h}{chapter.9}% 71
\BOOKMARK [1][-]{section.9.14}{\376\377\0009\000.\0001\0004\000\040\000/\000m\000n\000t\000/\000r\000e\000n\000d\000e\000r\000e\000r\000/\000Z\000e\000r\000o\000/\000s\000r\000c\000/\000C\000o\000r\000e\000L\000a\000y\000e\000r\000/\000G\000e\000o\000m\000e\000t\000r\000y\000/\000G\000e\000o\000m\000e\000t\000r\000y\000.\000h\000\040\000F\000i\000l\000e\000\040\000R\000e\000f\000e\000r\000e\000n\000c\000e}{chapter.9}% 72
\BOOKMARK [2][-]{subsection.9.14.1}{\376\377\0009\000.\0001\0004\000.\0001\000\040\000D\000e\000t\000a\000i\000l\000e\000d\000\040\000D\000e\000s\000c\000r\000i\000p\000t\000i\000o\000n}{section.9.14}% 73
\BOOKMARK [1][-]{section.9.15}{\376\377\0009\000.\0001\0005\000\040\000G\000e\000o\000m\000e\000t\000r\000y\000.\000h}{chapter.9}% 74
\BOOKMARK [1][-]{section.9.16}{\376\377\0009\000.\0001\0006\000\040\000/\000m\000n\000t\000/\000r\000e\000n\000d\000e\000r\000e\000r\000/\000Z\000e\000r\000o\000/\000s\000r\000c\000/\000C\000o\000r\000e\000L\000a\000y\000e\000r\000/\000G\000e\000o\000m\000e\000t\000r\000y\000/\000M\000a\000t\000r\000i\000x\000.\000c\000p\000p\000\040\000F\000i\000l\000e\000\040\000R\000e\000f\000e\000r\000e\000n\000c\000e}{chapter.9}% 75
\BOOKMARK [2][-]{subsection.9.16.1}{\376\377\0009\000.\0001\0006\000.\0001\000\040\000D\000e\000t\000a\000i\000l\000e\000d\000\040\000D\000e\000s\000c\000r\000i\000p\000t\000i\000o\000n}{section.9.16}% 76
\BOOKMARK [1][-]{section.9.17}{\376\377\0009\000.\0001\0007\000\040\000/\000m\000n\000t\000/\000r\000e\000n\000d\000e\000r\000e\000r\000/\000Z\000e\000r\000o\000/\000s\000r\000c\000/\000C\000o\000r\000e\000L\000a\000y\000e\000r\000/\000G\000e\000o\000m\000e\000t\000r\000y\000/\000M\000a\000t\000r\000i\000x\000.\000h\000\040\000F\000i\000l\000e\000\040\000R\000e\000f\000e\000r\000e\000n\000c\000e}{chapter.9}% 77
\BOOKMARK [2][-]{subsection.9.17.1}{\376\377\0009\000.\0001\0007\000.\0001\000\040\000D\000e\000t\000a\000i\000l\000e\000d\000\040\000D\000e\000s\000c\000r\000i\000p\000t\000i\000o\000n}{section.9.17}% 78
\BOOKMARK [1][-]{section.9.18}{\376\377\0009\000.\0001\0008\000\040\000M\000a\000t\000r\000i\000x\000.\000h}{chapter.9}% 79
\BOOKMARK [1][-]{section.9.19}{\376\377\0009\000.\0001\0009\000\040\000/\000m\000n\000t\000/\000r\000e\000n\000d\000e\000r\000e\000r\000/\000Z\000e\000r\000o\000/\000s\000r\000c\000/\000C\000o\000r\000e\000L\000a\000y\000e\000r\000/\000G\000e\000o\000m\000e\000t\000r\000y\000/\000n\000o\000r\000m\000a\000l\000.\000h\000\040\000F\000i\000l\000e\000\040\000R\000e\000f\000e\000r\000e\000n\000c\000e}{chapter.9}% 80
\BOOKMARK [2][-]{subsection.9.19.1}{\376\377\0009\000.\0001\0009\000.\0001\000\040\000D\000e\000t\000a\000i\000l\000e\000d\000\040\000D\000e\000s\000c\000r\000i\000p\000t\000i\000o\000n}{section.9.19}% 81
\BOOKMARK [1][-]{section.9.20}{\376\377\0009\000.\0002\0000\000\040\000n\000o\000r\000m\000a\000l\000.\000h}{chapter.9}% 82
\BOOKMARK [1][-]{section.9.21}{\376\377\0009\000.\0002\0001\000\040\000/\000m\000n\000t\000/\000r\000e\000n\000d\000e\000r\000e\000r\000/\000Z\000e\000r\000o\000/\000s\000r\000c\000/\000C\000o\000r\000e\000L\000a\000y\000e\000r\000/\000G\000e\000o\000m\000e\000t\000r\000y\000/\000p\000o\000i\000n\000t\000.\000h\000\040\000F\000i\000l\000e\000\040\000R\000e\000f\000e\000r\000e\000n\000c\000e}{chapter.9}% 83
\BOOKMARK [2][-]{subsection.9.21.1}{\376\377\0009\000.\0002\0001\000.\0001\000\040\000D\000e\000t\000a\000i\000l\000e\000d\000\040\000D\000e\000s\000c\000r\000i\000p\000t\000i\000o\000n}{section.9.21}% 84
\BOOKMARK [1][-]{section.9.22}{\376\377\0009\000.\0002\0002\000\040\000p\000o\000i\000n\000t\000.\000h}{chapter.9}% 85
\BOOKMARK [1][-]{section.9.23}{\376\377\0009\000.\0002\0003\000\040\000/\000m\000n\000t\000/\000r\000e\000n\000d\000e\000r\000e\000r\000/\000Z\000e\000r\000o\000/\000s\000r\000c\000/\000C\000o\000r\000e\000L\000a\000y\000e\000r\000/\000G\000e\000o\000m\000e\000t\000r\000y\000/\000T\000r\000a\000n\000s\000f\000o\000r\000m\0003\000d\000.\000c\000p\000p\000\040\000F\000i\000l\000e\000\040\000R\000e\000f\000e\000r\000e\000n\000c\000e}{chapter.9}% 86
\BOOKMARK [2][-]{subsection.9.23.1}{\376\377\0009\000.\0002\0003\000.\0001\000\040\000D\000e\000t\000a\000i\000l\000e\000d\000\040\000D\000e\000s\000c\000r\000i\000p\000t\000i\000o\000n}{section.9.23}% 87
\BOOKMARK [1][-]{section.9.24}{\376\377\0009\000.\0002\0004\000\040\000/\000m\000n\000t\000/\000r\000e\000n\000d\000e\000r\000e\000r\000/\000Z\000e\000r\000o\000/\000s\000r\000c\000/\000C\000o\000r\000e\000L\000a\000y\000e\000r\000/\000G\000e\000o\000m\000e\000t\000r\000y\000/\000T\000r\000a\000n\000s\000f\000o\000r\000m\0003\000d\000.\000h\000\040\000F\000i\000l\000e\000\040\000R\000e\000f\000e\000r\000e\000n\000c\000e}{chapter.9}% 88
\BOOKMARK [2][-]{subsection.9.24.1}{\376\377\0009\000.\0002\0004\000.\0001\000\040\000D\000e\000t\000a\000i\000l\000e\000d\000\040\000D\000e\000s\000c\000r\000i\000p\000t\000i\000o\000n}{section.9.24}% 89
\BOOKMARK [1][-]{section.9.25}{\376\377\0009\000.\0002\0005\000\040\000T\000r\000a\000n\000s\000f\000o\000r\000m\0003\000d\000.\000h}{chapter.9}% 90
\BOOKMARK [1][-]{section.9.26}{\376\377\0009\000.\0002\0006\000\040\000/\000m\000n\000t\000/\000r\000e\000n\000d\000e\000r\000e\000r\000/\000Z\000e\000r\000o\000/\000s\000r\000c\000/\000C\000o\000r\000e\000L\000a\000y\000e\000r\000/\000G\000e\000o\000m\000e\000t\000r\000y\000/\000v\000e\000c\000t\000o\000r\000.\000h\000\040\000F\000i\000l\000e\000\040\000R\000e\000f\000e\000r\000e\000n\000c\000e}{chapter.9}% 91
\BOOKMARK [2][-]{subsection.9.26.1}{\376\377\0009\000.\0002\0006\000.\0001\000\040\000D\000e\000t\000a\000i\000l\000e\000d\000\040\000D\000e\000s\000c\000r\000i\000p\000t\000i\000o\000n}{section.9.26}% 92
\BOOKMARK [2][-]{subsection.9.26.2}{\376\377\0009\000.\0002\0006\000.\0002\000\040\000F\000u\000n\000c\000t\000i\000o\000n\000\040\000D\000o\000c\000u\000m\000e\000n\000t\000a\000t\000i\000o\000n}{section.9.26}% 93
\BOOKMARK [3][-]{subsubsection.9.26.2.1}{\376\377\0009\000.\0002\0006\000.\0002\000.\0001\000\040\000c\000r\000o\000s\000s\000\050\000\051}{subsection.9.26.2}% 94
\BOOKMARK [1][-]{section.9.27}{\376\377\0009\000.\0002\0007\000\040\000v\000e\000c\000t\000o\000r\000.\000h}{chapter.9}% 95
\BOOKMARK [1][-]{section.9.28}{\376\377\0009\000.\0002\0008\000\040\000/\000m\000n\000t\000/\000r\000e\000n\000d\000e\000r\000e\000r\000/\000Z\000e\000r\000o\000/\000s\000r\000c\000/\000C\000o\000r\000e\000L\000a\000y\000e\000r\000/\000M\000a\000t\000h\000/\000C\000o\000m\000m\000o\000n\000.\000h\000\040\000F\000i\000l\000e\000\040\000R\000e\000f\000e\000r\000e\000n\000c\000e}{chapter.9}% 96
\BOOKMARK [2][-]{subsection.9.28.1}{\376\377\0009\000.\0002\0008\000.\0001\000\040\000D\000e\000t\000a\000i\000l\000e\000d\000\040\000D\000e\000s\000c\000r\000i\000p\000t\000i\000o\000n}{section.9.28}% 97
\BOOKMARK [1][-]{section.9.29}{\376\377\0009\000.\0002\0009\000\040\000C\000o\000m\000m\000o\000n\000.\000h}{chapter.9}% 98
\BOOKMARK [1][-]{section.9.30}{\376\377\0009\000.\0003\0000\000\040\000W\000a\000r\000p\000.\000h}{chapter.9}% 99
\BOOKMARK [1][-]{section.9.31}{\376\377\0009\000.\0003\0001\000\040\000/\000m\000n\000t\000/\000r\000e\000n\000d\000e\000r\000e\000r\000/\000Z\000e\000r\000o\000/\000s\000r\000c\000/\000C\000o\000r\000e\000L\000a\000y\000e\000r\000/\000R\000a\000y\000/\000R\000a\000y\000.\000c\000p\000p\000\040\000F\000i\000l\000e\000\040\000R\000e\000f\000e\000r\000e\000n\000c\000e}{chapter.9}% 100
\BOOKMARK [2][-]{subsection.9.31.1}{\376\377\0009\000.\0003\0001\000.\0001\000\040\000D\000e\000t\000a\000i\000l\000e\000d\000\040\000D\000e\000s\000c\000r\000i\000p\000t\000i\000o\000n}{section.9.31}% 101
\BOOKMARK [1][-]{section.9.32}{\376\377\0009\000.\0003\0002\000\040\000/\000m\000n\000t\000/\000r\000e\000n\000d\000e\000r\000e\000r\000/\000Z\000e\000r\000o\000/\000s\000r\000c\000/\000C\000o\000r\000e\000L\000a\000y\000e\000r\000/\000R\000a\000y\000/\000R\000a\000y\000.\000h\000\040\000F\000i\000l\000e\000\040\000R\000e\000f\000e\000r\000e\000n\000c\000e}{chapter.9}% 102
\BOOKMARK [2][-]{subsection.9.32.1}{\376\377\0009\000.\0003\0002\000.\0001\000\040\000D\000e\000t\000a\000i\000l\000e\000d\000\040\000D\000e\000s\000c\000r\000i\000p\000t\000i\000o\000n}{section.9.32}% 103
\BOOKMARK [1][-]{section.9.33}{\376\377\0009\000.\0003\0003\000\040\000R\000a\000y\000.\000h}{chapter.9}% 104
\BOOKMARK [1][-]{section.9.34}{\376\377\0009\000.\0003\0004\000\040\000/\000m\000n\000t\000/\000r\000e\000n\000d\000e\000r\000e\000r\000/\000Z\000e\000r\000o\000/\000s\000r\000c\000/\000C\000o\000r\000e\000L\000a\000y\000e\000r\000/\000S\000c\000e\000n\000e\000/\000S\000c\000e\000n\000e\000.\000c\000p\000p\000\040\000F\000i\000l\000e\000\040\000R\000e\000f\000e\000r\000e\000n\000c\000e}{chapter.9}% 105
\BOOKMARK [2][-]{subsection.9.34.1}{\376\377\0009\000.\0003\0004\000.\0001\000\040\000D\000e\000t\000a\000i\000l\000e\000d\000\040\000D\000e\000s\000c\000r\000i\000p\000t\000i\000o\000n}{section.9.34}% 106
\BOOKMARK [1][-]{section.9.35}{\376\377\0009\000.\0003\0005\000\040\000/\000m\000n\000t\000/\000r\000e\000n\000d\000e\000r\000e\000r\000/\000Z\000e\000r\000o\000/\000s\000r\000c\000/\000C\000o\000r\000e\000L\000a\000y\000e\000r\000/\000S\000c\000e\000n\000e\000/\000S\000c\000e\000n\000e\000.\000h\000\040\000F\000i\000l\000e\000\040\000R\000e\000f\000e\000r\000e\000n\000c\000e}{chapter.9}% 107
\BOOKMARK [2][-]{subsection.9.35.1}{\376\377\0009\000.\0003\0005\000.\0001\000\040\000D\000e\000t\000a\000i\000l\000e\000d\000\040\000D\000e\000s\000c\000r\000i\000p\000t\000i\000o\000n}{section.9.35}% 108
\BOOKMARK [1][-]{section.9.36}{\376\377\0009\000.\0003\0006\000\040\000S\000c\000e\000n\000e\000.\000h}{chapter.9}% 109
\BOOKMARK [1][-]{section.9.37}{\376\377\0009\000.\0003\0007\000\040\000/\000m\000n\000t\000/\000r\000e\000n\000d\000e\000r\000e\000r\000/\000Z\000e\000r\000o\000/\000s\000r\000c\000/\000F\000u\000n\000c\000t\000i\000o\000n\000L\000a\000y\000e\000r\000/\000A\000g\000g\000r\000e\000g\000a\000t\000e\000/\000B\000v\000h\000.\000h\000\040\000F\000i\000l\000e\000\040\000R\000e\000f\000e\000r\000e\000n\000c\000e}{chapter.9}% 110
\BOOKMARK [2][-]{subsection.9.37.1}{\376\377\0009\000.\0003\0007\000.\0001\000\040\000D\000e\000t\000a\000i\000l\000e\000d\000\040\000D\000e\000s\000c\000r\000i\000p\000t\000i\000o\000n}{section.9.37}% 111
\BOOKMARK [1][-]{section.9.38}{\376\377\0009\000.\0003\0008\000\040\000B\000v\000h\000.\000h}{chapter.9}% 112
\BOOKMARK [1][-]{section.9.39}{\376\377\0009\000.\0003\0009\000\040\000/\000m\000n\000t\000/\000r\000e\000n\000d\000e\000r\000e\000r\000/\000Z\000e\000r\000o\000/\000s\000r\000c\000/\000F\000u\000n\000c\000t\000i\000o\000n\000L\000a\000y\000e\000r\000/\000C\000a\000m\000e\000r\000a\000/\000C\000a\000m\000e\000r\000a\000.\000h\000\040\000F\000i\000l\000e\000\040\000R\000e\000f\000e\000r\000e\000n\000c\000e}{chapter.9}% 113
\BOOKMARK [2][-]{subsection.9.39.1}{\376\377\0009\000.\0003\0009\000.\0001\000\040\000D\000e\000t\000a\000i\000l\000e\000d\000\040\000D\000e\000s\000c\000r\000i\000p\000t\000i\000o\000n}{section.9.39}% 114
\BOOKMARK [1][-]{section.9.40}{\376\377\0009\000.\0004\0000\000\040\000C\000a\000m\000e\000r\000a\000.\000h}{chapter.9}% 115
\BOOKMARK [1][-]{section.9.41}{\376\377\0009\000.\0004\0001\000\040\000/\000m\000n\000t\000/\000r\000e\000n\000d\000e\000r\000e\000r\000/\000Z\000e\000r\000o\000/\000s\000r\000c\000/\000F\000u\000n\000c\000t\000i\000o\000n\000L\000a\000y\000e\000r\000/\000C\000a\000m\000e\000r\000a\000/\000P\000e\000r\000s\000p\000e\000c\000t\000i\000v\000e\000.\000h\000\040\000F\000i\000l\000e\000\040\000R\000e\000f\000e\000r\000e\000n\000c\000e}{chapter.9}% 116
\BOOKMARK [2][-]{subsection.9.41.1}{\376\377\0009\000.\0004\0001\000.\0001\000\040\000D\000e\000t\000a\000i\000l\000e\000d\000\040\000D\000e\000s\000c\000r\000i\000p\000t\000i\000o\000n}{section.9.41}% 117
\BOOKMARK [1][-]{section.9.42}{\376\377\0009\000.\0004\0002\000\040\000P\000e\000r\000s\000p\000e\000c\000t\000i\000v\000e\000.\000h}{chapter.9}% 118
\BOOKMARK [1][-]{section.9.43}{\376\377\0009\000.\0004\0003\000\040\000P\000i\000n\000h\000o\000l\000e\000.\000h}{chapter.9}% 119
\BOOKMARK [1][-]{section.9.44}{\376\377\0009\000.\0004\0004\000\040\000T\000h\000i\000n\000l\000e\000n\000s\000.\000h}{chapter.9}% 120
\BOOKMARK [1][-]{section.9.45}{\376\377\0009\000.\0004\0005\000\040\000/\000m\000n\000t\000/\000r\000e\000n\000d\000e\000r\000e\000r\000/\000Z\000e\000r\000o\000/\000s\000r\000c\000/\000F\000u\000n\000c\000t\000i\000o\000n\000L\000a\000y\000e\000r\000/\000F\000i\000l\000m\000/\000F\000i\000l\000m\000.\000c\000p\000p\000\040\000F\000i\000l\000e\000\040\000R\000e\000f\000e\000r\000e\000n\000c\000e}{chapter.9}% 121
\BOOKMARK [2][-]{subsection.9.45.1}{\376\377\0009\000.\0004\0005\000.\0001\000\040\000D\000e\000t\000a\000i\000l\000e\000d\000\040\000D\000e\000s\000c\000r\000i\000p\000t\000i\000o\000n}{section.9.45}% 122
\BOOKMARK [1][-]{section.9.46}{\376\377\0009\000.\0004\0006\000\040\000/\000m\000n\000t\000/\000r\000e\000n\000d\000e\000r\000e\000r\000/\000Z\000e\000r\000o\000/\000s\000r\000c\000/\000F\000u\000n\000c\000t\000i\000o\000n\000L\000a\000y\000e\000r\000/\000F\000i\000l\000m\000/\000F\000i\000l\000m\000.\000h\000\040\000F\000i\000l\000e\000\040\000R\000e\000f\000e\000r\000e\000n\000c\000e}{chapter.9}% 123
\BOOKMARK [2][-]{subsection.9.46.1}{\376\377\0009\000.\0004\0006\000.\0001\000\040\000D\000e\000t\000a\000i\000l\000e\000d\000\040\000D\000e\000s\000c\000r\000i\000p\000t\000i\000o\000n}{section.9.46}% 124
\BOOKMARK [1][-]{section.9.47}{\376\377\0009\000.\0004\0007\000\040\000F\000i\000l\000m\000.\000h}{chapter.9}% 125
\BOOKMARK [1][-]{section.9.48}{\376\377\0009\000.\0004\0008\000\040\000/\000m\000n\000t\000/\000r\000e\000n\000d\000e\000r\000e\000r\000/\000Z\000e\000r\000o\000/\000s\000r\000c\000/\000F\000u\000n\000c\000t\000i\000o\000n\000L\000a\000y\000e\000r\000/\000F\000i\000l\000t\000e\000r\000/\000F\000i\000l\000t\000e\000r\000.\000h\000\040\000F\000i\000l\000e\000\040\000R\000e\000f\000e\000r\000e\000n\000c\000e}{chapter.9}% 126
\BOOKMARK [2][-]{subsection.9.48.1}{\376\377\0009\000.\0004\0008\000.\0001\000\040\000D\000e\000t\000a\000i\000l\000e\000d\000\040\000D\000e\000s\000c\000r\000i\000p\000t\000i\000o\000n}{section.9.48}% 127
\BOOKMARK [1][-]{section.9.49}{\376\377\0009\000.\0004\0009\000\040\000F\000i\000l\000t\000e\000r\000.\000h}{chapter.9}% 128
\BOOKMARK [1][-]{section.9.50}{\376\377\0009\000.\0005\0000\000\040\000/\000m\000n\000t\000/\000r\000e\000n\000d\000e\000r\000e\000r\000/\000Z\000e\000r\000o\000/\000s\000r\000c\000/\000F\000u\000n\000c\000t\000i\000o\000n\000L\000a\000y\000e\000r\000/\000I\000n\000t\000e\000g\000r\000a\000t\000o\000r\000/\000A\000b\000s\000t\000r\000a\000c\000t\000P\000a\000t\000h\000I\000n\000t\000e\000g\000r\000a\000t\000o\000r\000.\000c\000p\000p\000\040\000F\000i\000l\000e\000\040\000R\000e\000f\000e\000r\000e\000n\000c\000e}{chapter.9}% 129
\BOOKMARK [2][-]{subsection.9.50.1}{\376\377\0009\000.\0005\0000\000.\0001\000\040\000D\000e\000t\000a\000i\000l\000e\000d\000\040\000D\000e\000s\000c\000r\000i\000p\000t\000i\000o\000n}{section.9.50}% 130
\BOOKMARK [1][-]{section.9.51}{\376\377\0009\000.\0005\0001\000\040\000/\000m\000n\000t\000/\000r\000e\000n\000d\000e\000r\000e\000r\000/\000Z\000e\000r\000o\000/\000s\000r\000c\000/\000F\000u\000n\000c\000t\000i\000o\000n\000L\000a\000y\000e\000r\000/\000I\000n\000t\000e\000g\000r\000a\000t\000o\000r\000/\000A\000b\000s\000t\000r\000a\000c\000t\000P\000a\000t\000h\000I\000n\000t\000e\000g\000r\000a\000t\000o\000r\000.\000h\000\040\000F\000i\000l\000e\000\040\000R\000e\000f\000e\000r\000e\000n\000c\000e}{chapter.9}% 131
\BOOKMARK [2][-]{subsection.9.51.1}{\376\377\0009\000.\0005\0001\000.\0001\000\040\000D\000e\000t\000a\000i\000l\000e\000d\000\040\000D\000e\000s\000c\000r\000i\000p\000t\000i\000o\000n}{section.9.51}% 132
\BOOKMARK [1][-]{section.9.52}{\376\377\0009\000.\0005\0002\000\040\000A\000b\000s\000t\000r\000a\000c\000t\000P\000a\000t\000h\000I\000n\000t\000e\000g\000r\000a\000t\000o\000r\000.\000h}{chapter.9}% 133
\BOOKMARK [1][-]{section.9.53}{\376\377\0009\000.\0005\0003\000\040\000/\000m\000n\000t\000/\000r\000e\000n\000d\000e\000r\000e\000r\000/\000Z\000e\000r\000o\000/\000s\000r\000c\000/\000F\000u\000n\000c\000t\000i\000o\000n\000L\000a\000y\000e\000r\000/\000I\000n\000t\000e\000g\000r\000a\000t\000o\000r\000/\000I\000n\000t\000e\000g\000r\000a\000t\000o\000r\000.\000c\000p\000p\000\040\000F\000i\000l\000e\000\040\000R\000e\000f\000e\000r\000e\000n\000c\000e}{chapter.9}% 134
\BOOKMARK [2][-]{subsection.9.53.1}{\376\377\0009\000.\0005\0003\000.\0001\000\040\000D\000e\000t\000a\000i\000l\000e\000d\000\040\000D\000e\000s\000c\000r\000i\000p\000t\000i\000o\000n}{section.9.53}% 135
\BOOKMARK [1][-]{section.9.54}{\376\377\0009\000.\0005\0004\000\040\000/\000m\000n\000t\000/\000r\000e\000n\000d\000e\000r\000e\000r\000/\000Z\000e\000r\000o\000/\000s\000r\000c\000/\000F\000u\000n\000c\000t\000i\000o\000n\000L\000a\000y\000e\000r\000/\000I\000n\000t\000e\000g\000r\000a\000t\000o\000r\000/\000I\000n\000t\000e\000g\000r\000a\000t\000o\000r\000.\000h\000\040\000F\000i\000l\000e\000\040\000R\000e\000f\000e\000r\000e\000n\000c\000e}{chapter.9}% 136
\BOOKMARK [2][-]{subsection.9.54.1}{\376\377\0009\000.\0005\0004\000.\0001\000\040\000D\000e\000t\000a\000i\000l\000e\000d\000\040\000D\000e\000s\000c\000r\000i\000p\000t\000i\000o\000n}{section.9.54}% 137
\BOOKMARK [1][-]{section.9.55}{\376\377\0009\000.\0005\0005\000\040\000I\000n\000t\000e\000g\000r\000a\000t\000o\000r\000.\000h}{chapter.9}% 138
\BOOKMARK [1][-]{section.9.56}{\376\377\0009\000.\0005\0006\000\040\000/\000m\000n\000t\000/\000r\000e\000n\000d\000e\000r\000e\000r\000/\000Z\000e\000r\000o\000/\000s\000r\000c\000/\000F\000u\000n\000c\000t\000i\000o\000n\000L\000a\000y\000e\000r\000/\000I\000n\000t\000e\000g\000r\000a\000t\000o\000r\000/\000M\000o\000n\000t\000e\000C\000a\000r\000l\000o\000I\000n\000t\000e\000g\000r\000a\000t\000o\000r\000.\000h\000\040\000F\000i\000l\000e\000\040\000R\000e\000f\000e\000r\000e\000n\000c\000e}{chapter.9}% 139
\BOOKMARK [2][-]{subsection.9.56.1}{\376\377\0009\000.\0005\0006\000.\0001\000\040\000D\000e\000t\000a\000i\000l\000e\000d\000\040\000D\000e\000s\000c\000r\000i\000p\000t\000i\000o\000n}{section.9.56}% 140
\BOOKMARK [1][-]{section.9.57}{\376\377\0009\000.\0005\0007\000\040\000M\000o\000n\000t\000e\000C\000a\000r\000l\000o\000I\000n\000t\000e\000g\000r\000a\000t\000o\000r\000.\000h}{chapter.9}% 141
\BOOKMARK [1][-]{section.9.58}{\376\377\0009\000.\0005\0008\000\040\000/\000m\000n\000t\000/\000r\000e\000n\000d\000e\000r\000e\000r\000/\000Z\000e\000r\000o\000/\000s\000r\000c\000/\000F\000u\000n\000c\000t\000i\000o\000n\000L\000a\000y\000e\000r\000/\000I\000n\000t\000e\000g\000r\000a\000t\000o\000r\000/\000P\000a\000t\000h\000I\000n\000t\000e\000g\000r\000a\000t\000o\000r\000.\000c\000p\000p\000\040\000F\000i\000l\000e\000\040\000R\000e\000f\000e\000r\000e\000n\000c\000e}{chapter.9}% 142
\BOOKMARK [2][-]{subsection.9.58.1}{\376\377\0009\000.\0005\0008\000.\0001\000\040\000D\000e\000t\000a\000i\000l\000e\000d\000\040\000D\000e\000s\000c\000r\000i\000p\000t\000i\000o\000n}{section.9.58}% 143
\BOOKMARK [1][-]{section.9.59}{\376\377\0009\000.\0005\0009\000\040\000/\000m\000n\000t\000/\000r\000e\000n\000d\000e\000r\000e\000r\000/\000Z\000e\000r\000o\000/\000s\000r\000c\000/\000F\000u\000n\000c\000t\000i\000o\000n\000L\000a\000y\000e\000r\000/\000I\000n\000t\000e\000g\000r\000a\000t\000o\000r\000/\000P\000a\000t\000h\000I\000n\000t\000e\000g\000r\000a\000t\000o\000r\000.\000h\000\040\000F\000i\000l\000e\000\040\000R\000e\000f\000e\000r\000e\000n\000c\000e}{chapter.9}% 144
\BOOKMARK [2][-]{subsection.9.59.1}{\376\377\0009\000.\0005\0009\000.\0001\000\040\000D\000e\000t\000a\000i\000l\000e\000d\000\040\000D\000e\000s\000c\000r\000i\000p\000t\000i\000o\000n}{section.9.59}% 145
\BOOKMARK [1][-]{section.9.60}{\376\377\0009\000.\0006\0000\000\040\000P\000a\000t\000h\000I\000n\000t\000e\000g\000r\000a\000t\000o\000r\000.\000h}{chapter.9}% 146
\BOOKMARK [1][-]{section.9.61}{\376\377\0009\000.\0006\0001\000\040\000/\000m\000n\000t\000/\000r\000e\000n\000d\000e\000r\000e\000r\000/\000Z\000e\000r\000o\000/\000s\000r\000c\000/\000F\000u\000n\000c\000t\000i\000o\000n\000L\000a\000y\000e\000r\000/\000I\000n\000t\000e\000r\000s\000e\000c\000t\000i\000o\000n\000.\000h\000\040\000F\000i\000l\000e\000\040\000R\000e\000f\000e\000r\000e\000n\000c\000e}{chapter.9}% 147
\BOOKMARK [2][-]{subsection.9.61.1}{\376\377\0009\000.\0006\0001\000.\0001\000\040\000D\000e\000t\000a\000i\000l\000e\000d\000\040\000D\000e\000s\000c\000r\000i\000p\000t\000i\000o\000n}{section.9.61}% 148
\BOOKMARK [1][-]{section.9.62}{\376\377\0009\000.\0006\0002\000\040\000I\000n\000t\000e\000r\000s\000e\000c\000t\000i\000o\000n\000.\000h}{chapter.9}% 149
\BOOKMARK [1][-]{section.9.63}{\376\377\0009\000.\0006\0003\000\040\000/\000m\000n\000t\000/\000r\000e\000n\000d\000e\000r\000e\000r\000/\000Z\000e\000r\000o\000/\000s\000r\000c\000/\000F\000u\000n\000c\000t\000i\000o\000n\000L\000a\000y\000e\000r\000/\000S\000h\000a\000p\000e\000/\000I\000n\000t\000e\000r\000s\000e\000c\000t\000i\000o\000n\000.\000h\000\040\000F\000i\000l\000e\000\040\000R\000e\000f\000e\000r\000e\000n\000c\000e}{chapter.9}% 150
\BOOKMARK [2][-]{subsection.9.63.1}{\376\377\0009\000.\0006\0003\000.\0001\000\040\000D\000e\000t\000a\000i\000l\000e\000d\000\040\000D\000e\000s\000c\000r\000i\000p\000t\000i\000o\000n}{section.9.63}% 151
\BOOKMARK [1][-]{section.9.64}{\376\377\0009\000.\0006\0004\000\040\000I\000n\000t\000e\000r\000s\000e\000c\000t\000i\000o\000n\000.\000h}{chapter.9}% 152
\BOOKMARK [1][-]{section.9.65}{\376\377\0009\000.\0006\0005\000\040\000/\000m\000n\000t\000/\000r\000e\000n\000d\000e\000r\000e\000r\000/\000Z\000e\000r\000o\000/\000s\000r\000c\000/\000F\000u\000n\000c\000t\000i\000o\000n\000L\000a\000y\000e\000r\000/\000L\000i\000g\000h\000t\000/\000A\000r\000e\000a\000L\000i\000g\000h\000t\000.\000c\000p\000p\000\040\000F\000i\000l\000e\000\040\000R\000e\000f\000e\000r\000e\000n\000c\000e}{chapter.9}% 153
\BOOKMARK [2][-]{subsection.9.65.1}{\376\377\0009\000.\0006\0005\000.\0001\000\040\000D\000e\000t\000a\000i\000l\000e\000d\000\040\000D\000e\000s\000c\000r\000i\000p\000t\000i\000o\000n}{section.9.65}% 154
\BOOKMARK [1][-]{section.9.66}{\376\377\0009\000.\0006\0006\000\040\000/\000m\000n\000t\000/\000r\000e\000n\000d\000e\000r\000e\000r\000/\000Z\000e\000r\000o\000/\000s\000r\000c\000/\000F\000u\000n\000c\000t\000i\000o\000n\000L\000a\000y\000e\000r\000/\000L\000i\000g\000h\000t\000/\000A\000r\000e\000a\000L\000i\000g\000h\000t\000.\000h\000\040\000F\000i\000l\000e\000\040\000R\000e\000f\000e\000r\000e\000n\000c\000e}{chapter.9}% 155
\BOOKMARK [2][-]{subsection.9.66.1}{\376\377\0009\000.\0006\0006\000.\0001\000\040\000D\000e\000t\000a\000i\000l\000e\000d\000\040\000D\000e\000s\000c\000r\000i\000p\000t\000i\000o\000n}{section.9.66}% 156
\BOOKMARK [1][-]{section.9.67}{\376\377\0009\000.\0006\0007\000\040\000A\000r\000e\000a\000L\000i\000g\000h\000t\000.\000h}{chapter.9}% 157
\BOOKMARK [1][-]{section.9.68}{\376\377\0009\000.\0006\0008\000\040\000/\000m\000n\000t\000/\000r\000e\000n\000d\000e\000r\000e\000r\000/\000Z\000e\000r\000o\000/\000s\000r\000c\000/\000F\000u\000n\000c\000t\000i\000o\000n\000L\000a\000y\000e\000r\000/\000L\000i\000g\000h\000t\000/\000D\000i\000f\000f\000u\000s\000e\000A\000r\000e\000a\000L\000i\000g\000h\000t\000.\000c\000p\000p\000\040\000F\000i\000l\000e\000\040\000R\000e\000f\000e\000r\000e\000n\000c\000e}{chapter.9}% 158
\BOOKMARK [2][-]{subsection.9.68.1}{\376\377\0009\000.\0006\0008\000.\0001\000\040\000D\000e\000t\000a\000i\000l\000e\000d\000\040\000D\000e\000s\000c\000r\000i\000p\000t\000i\000o\000n}{section.9.68}% 159
\BOOKMARK [1][-]{section.9.69}{\376\377\0009\000.\0006\0009\000\040\000/\000m\000n\000t\000/\000r\000e\000n\000d\000e\000r\000e\000r\000/\000Z\000e\000r\000o\000/\000s\000r\000c\000/\000F\000u\000n\000c\000t\000i\000o\000n\000L\000a\000y\000e\000r\000/\000L\000i\000g\000h\000t\000/\000D\000i\000f\000f\000u\000s\000e\000A\000r\000e\000a\000L\000i\000g\000h\000t\000.\000h\000\040\000F\000i\000l\000e\000\040\000R\000e\000f\000e\000r\000e\000n\000c\000e}{chapter.9}% 160
\BOOKMARK [2][-]{subsection.9.69.1}{\376\377\0009\000.\0006\0009\000.\0001\000\040\000D\000e\000t\000a\000i\000l\000e\000d\000\040\000D\000e\000s\000c\000r\000i\000p\000t\000i\000o\000n}{section.9.69}% 161
\BOOKMARK [1][-]{section.9.70}{\376\377\0009\000.\0007\0000\000\040\000D\000i\000f\000f\000u\000s\000e\000A\000r\000e\000a\000L\000i\000g\000h\000t\000.\000h}{chapter.9}% 162
\BOOKMARK [1][-]{section.9.71}{\376\377\0009\000.\0007\0001\000\040\000L\000i\000g\000h\000t\000.\000h}{chapter.9}% 163
\BOOKMARK [1][-]{section.9.72}{\376\377\0009\000.\0007\0002\000\040\000/\000m\000n\000t\000/\000r\000e\000n\000d\000e\000r\000e\000r\000/\000Z\000e\000r\000o\000/\000s\000r\000c\000/\000F\000u\000n\000c\000t\000i\000o\000n\000L\000a\000y\000e\000r\000/\000L\000i\000g\000h\000t\000/\000P\000o\000i\000n\000t\000L\000i\000g\000h\000t\000.\000c\000p\000p\000\040\000F\000i\000l\000e\000\040\000R\000e\000f\000e\000r\000e\000n\000c\000e}{chapter.9}% 164
\BOOKMARK [2][-]{subsection.9.72.1}{\376\377\0009\000.\0007\0002\000.\0001\000\040\000D\000e\000t\000a\000i\000l\000e\000d\000\040\000D\000e\000s\000c\000r\000i\000p\000t\000i\000o\000n}{section.9.72}% 165
\BOOKMARK [1][-]{section.9.73}{\376\377\0009\000.\0007\0003\000\040\000/\000m\000n\000t\000/\000r\000e\000n\000d\000e\000r\000e\000r\000/\000Z\000e\000r\000o\000/\000s\000r\000c\000/\000F\000u\000n\000c\000t\000i\000o\000n\000L\000a\000y\000e\000r\000/\000L\000i\000g\000h\000t\000/\000P\000o\000i\000n\000t\000L\000i\000g\000h\000t\000.\000h\000\040\000F\000i\000l\000e\000\040\000R\000e\000f\000e\000r\000e\000n\000c\000e}{chapter.9}% 166
\BOOKMARK [2][-]{subsection.9.73.1}{\376\377\0009\000.\0007\0003\000.\0001\000\040\000D\000e\000t\000a\000i\000l\000e\000d\000\040\000D\000e\000s\000c\000r\000i\000p\000t\000i\000o\000n}{section.9.73}% 167
\BOOKMARK [1][-]{section.9.74}{\376\377\0009\000.\0007\0004\000\040\000P\000o\000i\000n\000t\000L\000i\000g\000h\000t\000.\000h}{chapter.9}% 168
\BOOKMARK [1][-]{section.9.75}{\376\377\0009\000.\0007\0005\000\040\000/\000m\000n\000t\000/\000r\000e\000n\000d\000e\000r\000e\000r\000/\000Z\000e\000r\000o\000/\000s\000r\000c\000/\000F\000u\000n\000c\000t\000i\000o\000n\000L\000a\000y\000e\000r\000/\000M\000a\000t\000e\000r\000i\000a\000l\000/\000B\000S\000S\000R\000D\000F\000/\000B\000S\000S\000R\000D\000F\000.\000h\000\040\000F\000i\000l\000e\000\040\000R\000e\000f\000e\000r\000e\000n\000c\000e}{chapter.9}% 169
\BOOKMARK [2][-]{subsection.9.75.1}{\376\377\0009\000.\0007\0005\000.\0001\000\040\000D\000e\000t\000a\000i\000l\000e\000d\000\040\000D\000e\000s\000c\000r\000i\000p\000t\000i\000o\000n}{section.9.75}% 170
\BOOKMARK [1][-]{section.9.76}{\376\377\0009\000.\0007\0006\000\040\000B\000S\000S\000R\000D\000F\000.\000h}{chapter.9}% 171
\BOOKMARK [1][-]{section.9.77}{\376\377\0009\000.\0007\0007\000\040\000/\000m\000n\000t\000/\000r\000e\000n\000d\000e\000r\000e\000r\000/\000Z\000e\000r\000o\000/\000s\000r\000c\000/\000F\000u\000n\000c\000t\000i\000o\000n\000L\000a\000y\000e\000r\000/\000M\000a\000t\000e\000r\000i\000a\000l\000/\000B\000x\000D\000F\000/\000B\000x\000D\000F\000.\000h\000\040\000F\000i\000l\000e\000\040\000R\000e\000f\000e\000r\000e\000n\000c\000e}{chapter.9}% 172
\BOOKMARK [2][-]{subsection.9.77.1}{\376\377\0009\000.\0007\0007\000.\0001\000\040\000D\000e\000t\000a\000i\000l\000e\000d\000\040\000D\000e\000s\000c\000r\000i\000p\000t\000i\000o\000n}{section.9.77}% 173
\BOOKMARK [1][-]{section.9.78}{\376\377\0009\000.\0007\0008\000\040\000B\000x\000D\000F\000.\000h}{chapter.9}% 174
\BOOKMARK [1][-]{section.9.79}{\376\377\0009\000.\0007\0009\000\040\000/\000m\000n\000t\000/\000r\000e\000n\000d\000e\000r\000e\000r\000/\000Z\000e\000r\000o\000/\000s\000r\000c\000/\000F\000u\000n\000c\000t\000i\000o\000n\000L\000a\000y\000e\000r\000/\000M\000a\000t\000e\000r\000i\000a\000l\000/\000B\000x\000D\000F\000/\000D\000i\000e\000l\000e\000c\000t\000r\000i\000c\000.\000h\000\040\000F\000i\000l\000e\000\040\000R\000e\000f\000e\000r\000e\000n\000c\000e}{chapter.9}% 175
\BOOKMARK [2][-]{subsection.9.79.1}{\376\377\0009\000.\0007\0009\000.\0001\000\040\000D\000e\000t\000a\000i\000l\000e\000d\000\040\000D\000e\000s\000c\000r\000i\000p\000t\000i\000o\000n}{section.9.79}% 176
\BOOKMARK [1][-]{section.9.80}{\376\377\0009\000.\0008\0000\000\040\000D\000i\000e\000l\000e\000c\000t\000r\000i\000c\000.\000h}{chapter.9}% 177
\BOOKMARK [1][-]{section.9.81}{\376\377\0009\000.\0008\0001\000\040\000/\000m\000n\000t\000/\000r\000e\000n\000d\000e\000r\000e\000r\000/\000Z\000e\000r\000o\000/\000s\000r\000c\000/\000F\000u\000n\000c\000t\000i\000o\000n\000L\000a\000y\000e\000r\000/\000M\000a\000t\000e\000r\000i\000a\000l\000/\000B\000x\000D\000F\000/\000D\000i\000f\000f\000u\000s\000e\000.\000c\000p\000p\000\040\000F\000i\000l\000e\000\040\000R\000e\000f\000e\000r\000e\000n\000c\000e}{chapter.9}% 178
\BOOKMARK [2][-]{subsection.9.81.1}{\376\377\0009\000.\0008\0001\000.\0001\000\040\000D\000e\000t\000a\000i\000l\000e\000d\000\040\000D\000e\000s\000c\000r\000i\000p\000t\000i\000o\000n}{section.9.81}% 179
\BOOKMARK [1][-]{section.9.82}{\376\377\0009\000.\0008\0002\000\040\000/\000m\000n\000t\000/\000r\000e\000n\000d\000e\000r\000e\000r\000/\000Z\000e\000r\000o\000/\000s\000r\000c\000/\000F\000u\000n\000c\000t\000i\000o\000n\000L\000a\000y\000e\000r\000/\000M\000a\000t\000e\000r\000i\000a\000l\000/\000B\000x\000D\000F\000/\000D\000i\000f\000f\000u\000s\000e\000.\000h\000\040\000F\000i\000l\000e\000\040\000R\000e\000f\000e\000r\000e\000n\000c\000e}{chapter.9}% 180
\BOOKMARK [2][-]{subsection.9.82.1}{\376\377\0009\000.\0008\0002\000.\0001\000\040\000D\000e\000t\000a\000i\000l\000e\000d\000\040\000D\000e\000s\000c\000r\000i\000p\000t\000i\000o\000n}{section.9.82}% 181
\BOOKMARK [1][-]{section.9.83}{\376\377\0009\000.\0008\0003\000\040\000D\000i\000f\000f\000u\000s\000e\000.\000h}{chapter.9}% 182
\BOOKMARK [1][-]{section.9.84}{\376\377\0009\000.\0008\0004\000\040\000M\000i\000c\000r\000o\000f\000a\000c\000e\000t\000.\000h}{chapter.9}% 183
\BOOKMARK [1][-]{section.9.85}{\376\377\0009\000.\0008\0005\000\040\000/\000m\000n\000t\000/\000r\000e\000n\000d\000e\000r\000e\000r\000/\000Z\000e\000r\000o\000/\000s\000r\000c\000/\000F\000u\000n\000c\000t\000i\000o\000n\000L\000a\000y\000e\000r\000/\000M\000a\000t\000e\000r\000i\000a\000l\000/\000B\000x\000D\000F\000/\000M\000i\000r\000r\000o\000r\000.\000h\000\040\000F\000i\000l\000e\000\040\000R\000e\000f\000e\000r\000e\000n\000c\000e}{chapter.9}% 184
\BOOKMARK [2][-]{subsection.9.85.1}{\376\377\0009\000.\0008\0005\000.\0001\000\040\000D\000e\000t\000a\000i\000l\000e\000d\000\040\000D\000e\000s\000c\000r\000i\000p\000t\000i\000o\000n}{section.9.85}% 185
\BOOKMARK [1][-]{section.9.86}{\376\377\0009\000.\0008\0006\000\040\000M\000i\000r\000r\000o\000r\000.\000h}{chapter.9}% 186
\BOOKMARK [1][-]{section.9.87}{\376\377\0009\000.\0008\0007\000\040\000T\000e\000s\000t\000M\000i\000r\000r\000o\000r\000B\000x\000d\000f\000.\000h}{chapter.9}% 187
\BOOKMARK [1][-]{section.9.88}{\376\377\0009\000.\0008\0008\000\040\000/\000m\000n\000t\000/\000r\000e\000n\000d\000e\000r\000e\000r\000/\000Z\000e\000r\000o\000/\000s\000r\000c\000/\000F\000u\000n\000c\000t\000i\000o\000n\000L\000a\000y\000e\000r\000/\000M\000a\000t\000e\000r\000i\000a\000l\000/\000D\000e\000l\000e\000c\000t\000r\000i\000c\000M\000a\000t\000e\000r\000i\000a\000l\000.\000h\000\040\000F\000i\000l\000e\000\040\000R\000e\000f\000e\000r\000e\000n\000c\000e}{chapter.9}% 188
\BOOKMARK [2][-]{subsection.9.88.1}{\376\377\0009\000.\0008\0008\000.\0001\000\040\000D\000e\000t\000a\000i\000l\000e\000d\000\040\000D\000e\000s\000c\000r\000i\000p\000t\000i\000o\000n}{section.9.88}% 189
\BOOKMARK [1][-]{section.9.89}{\376\377\0009\000.\0008\0009\000\040\000D\000e\000l\000e\000c\000t\000r\000i\000c\000M\000a\000t\000e\000r\000i\000a\000l\000.\000h}{chapter.9}% 190
\BOOKMARK [1][-]{section.9.90}{\376\377\0009\000.\0009\0000\000\040\000/\000m\000n\000t\000/\000r\000e\000n\000d\000e\000r\000e\000r\000/\000Z\000e\000r\000o\000/\000s\000r\000c\000/\000F\000u\000n\000c\000t\000i\000o\000n\000L\000a\000y\000e\000r\000/\000M\000a\000t\000e\000r\000i\000a\000l\000/\000M\000a\000t\000e\000r\000i\000a\000l\000.\000h\000\040\000F\000i\000l\000e\000\040\000R\000e\000f\000e\000r\000e\000n\000c\000e}{chapter.9}% 191
\BOOKMARK [2][-]{subsection.9.90.1}{\376\377\0009\000.\0009\0000\000.\0001\000\040\000D\000e\000t\000a\000i\000l\000e\000d\000\040\000D\000e\000s\000c\000r\000i\000p\000t\000i\000o\000n}{section.9.90}% 192
\BOOKMARK [1][-]{section.9.91}{\376\377\0009\000.\0009\0001\000\040\000M\000a\000t\000e\000r\000i\000a\000l\000.\000h}{chapter.9}% 193
\BOOKMARK [1][-]{section.9.92}{\376\377\0009\000.\0009\0002\000\040\000/\000m\000n\000t\000/\000r\000e\000n\000d\000e\000r\000e\000r\000/\000Z\000e\000r\000o\000/\000s\000r\000c\000/\000F\000u\000n\000c\000t\000i\000o\000n\000L\000a\000y\000e\000r\000/\000M\000a\000t\000e\000r\000i\000a\000l\000/\000M\000a\000t\000t\000e\000M\000a\000t\000e\000r\000i\000a\000l\000.\000h\000\040\000F\000i\000l\000e\000\040\000R\000e\000f\000e\000r\000e\000n\000c\000e}{chapter.9}% 194
\BOOKMARK [2][-]{subsection.9.92.1}{\376\377\0009\000.\0009\0002\000.\0001\000\040\000D\000e\000t\000a\000i\000l\000e\000d\000\040\000D\000e\000s\000c\000r\000i\000p\000t\000i\000o\000n}{section.9.92}% 195
\BOOKMARK [1][-]{section.9.93}{\376\377\0009\000.\0009\0003\000\040\000M\000a\000t\000t\000e\000M\000a\000t\000e\000r\000i\000a\000l\000.\000h}{chapter.9}% 196
\BOOKMARK [1][-]{section.9.94}{\376\377\0009\000.\0009\0004\000\040\000/\000m\000n\000t\000/\000r\000e\000n\000d\000e\000r\000e\000r\000/\000Z\000e\000r\000o\000/\000s\000r\000c\000/\000F\000u\000n\000c\000t\000i\000o\000n\000L\000a\000y\000e\000r\000/\000M\000a\000t\000e\000r\000i\000a\000l\000/\000M\000i\000r\000r\000o\000r\000M\000a\000t\000e\000r\000i\000a\000l\000.\000h\000\040\000F\000i\000l\000e\000\040\000R\000e\000f\000e\000r\000e\000n\000c\000e}{chapter.9}% 197
\BOOKMARK [2][-]{subsection.9.94.1}{\376\377\0009\000.\0009\0004\000.\0001\000\040\000D\000e\000t\000a\000i\000l\000e\000d\000\040\000D\000e\000s\000c\000r\000i\000p\000t\000i\000o\000n}{section.9.94}% 198
\BOOKMARK [1][-]{section.9.95}{\376\377\0009\000.\0009\0005\000\040\000M\000i\000r\000r\000o\000r\000M\000a\000t\000e\000r\000i\000a\000l\000.\000h}{chapter.9}% 199
\BOOKMARK [1][-]{section.9.96}{\376\377\0009\000.\0009\0006\000\040\000T\000e\000s\000t\000M\000i\000r\000r\000o\000r\000.\000h}{chapter.9}% 200
\BOOKMARK [1][-]{section.9.97}{\376\377\0009\000.\0009\0007\000\040\000/\000m\000n\000t\000/\000r\000e\000n\000d\000e\000r\000e\000r\000/\000Z\000e\000r\000o\000/\000s\000r\000c\000/\000F\000u\000n\000c\000t\000i\000o\000n\000L\000a\000y\000e\000r\000/\000M\000e\000d\000i\000u\000m\000/\000M\000e\000d\000i\000u\000m\000.\000h\000\040\000F\000i\000l\000e\000\040\000R\000e\000f\000e\000r\000e\000n\000c\000e}{chapter.9}% 201
\BOOKMARK [2][-]{subsection.9.97.1}{\376\377\0009\000.\0009\0007\000.\0001\000\040\000D\000e\000t\000a\000i\000l\000e\000d\000\040\000D\000e\000s\000c\000r\000i\000p\000t\000i\000o\000n}{section.9.97}% 202
\BOOKMARK [1][-]{section.9.98}{\376\377\0009\000.\0009\0008\000\040\000M\000e\000d\000i\000u\000m\000.\000h}{chapter.9}% 203
\BOOKMARK [1][-]{section.9.99}{\376\377\0009\000.\0009\0009\000\040\000D\000i\000r\000e\000c\000t\000S\000a\000m\000p\000l\000e\000r\000.\000h}{chapter.9}% 204
\BOOKMARK [1][-]{section.9.100}{\376\377\0009\000.\0001\0000\0000\000\040\000I\000n\000d\000e\000p\000e\000n\000d\000e\000n\000t\000.\000h}{chapter.9}% 205
\BOOKMARK [1][-]{section.9.101}{\376\377\0009\000.\0001\0000\0001\000\040\000/\000m\000n\000t\000/\000r\000e\000n\000d\000e\000r\000e\000r\000/\000Z\000e\000r\000o\000/\000s\000r\000c\000/\000F\000u\000n\000c\000t\000i\000o\000n\000L\000a\000y\000e\000r\000/\000S\000a\000m\000p\000l\000e\000r\000/\000S\000a\000m\000p\000l\000e\000r\000.\000h\000\040\000F\000i\000l\000e\000\040\000R\000e\000f\000e\000r\000e\000n\000c\000e}{chapter.9}% 206
\BOOKMARK [2][-]{subsection.9.101.1}{\376\377\0009\000.\0001\0000\0001\000.\0001\000\040\000D\000e\000t\000a\000i\000l\000e\000d\000\040\000D\000e\000s\000c\000r\000i\000p\000t\000i\000o\000n}{section.9.101}% 207
\BOOKMARK [2][-]{subsection.9.101.2}{\376\377\0009\000.\0001\0000\0001\000.\0002\000\040\000F\000u\000n\000c\000t\000i\000o\000n\000\040\000D\000o\000c\000u\000m\000e\000n\000t\000a\000t\000i\000o\000n}{section.9.101}% 208
\BOOKMARK [3][-]{subsubsection.9.101.2.1}{\376\377\0009\000.\0001\0000\0001\000.\0002\000.\0001\000\040\000s\000h\000u\000f\000f\000l\000e\000\050\000\051}{subsection.9.101.2}% 209
\BOOKMARK [1][-]{section.9.102}{\376\377\0009\000.\0001\0000\0002\000\040\000S\000a\000m\000p\000l\000e\000r\000.\000h}{chapter.9}% 210
\BOOKMARK [1][-]{section.9.103}{\376\377\0009\000.\0001\0000\0003\000\040\000/\000m\000n\000t\000/\000r\000e\000n\000d\000e\000r\000e\000r\000/\000Z\000e\000r\000o\000/\000s\000r\000c\000/\000F\000u\000n\000c\000t\000i\000o\000n\000L\000a\000y\000e\000r\000/\000S\000a\000m\000p\000l\000e\000r\000/\000S\000t\000r\000a\000t\000i\000f\000i\000e\000d\000.\000h\000\040\000F\000i\000l\000e\000\040\000R\000e\000f\000e\000r\000e\000n\000c\000e}{chapter.9}% 211
\BOOKMARK [2][-]{subsection.9.103.1}{\376\377\0009\000.\0001\0000\0003\000.\0001\000\040\000D\000e\000t\000a\000i\000l\000e\000d\000\040\000D\000e\000s\000c\000r\000i\000p\000t\000i\000o\000n}{section.9.103}% 212
\BOOKMARK [1][-]{section.9.104}{\376\377\0009\000.\0001\0000\0004\000\040\000S\000t\000r\000a\000t\000i\000f\000i\000e\000d\000.\000h}{chapter.9}% 213
\BOOKMARK [1][-]{section.9.105}{\376\377\0009\000.\0001\0000\0005\000\040\000/\000m\000n\000t\000/\000r\000e\000n\000d\000e\000r\000e\000r\000/\000Z\000e\000r\000o\000/\000s\000r\000c\000/\000F\000u\000n\000c\000t\000i\000o\000n\000L\000a\000y\000e\000r\000/\000S\000h\000a\000p\000e\000/\000E\000n\000t\000i\000t\000y\000.\000h\000\040\000F\000i\000l\000e\000\040\000R\000e\000f\000e\000r\000e\000n\000c\000e}{chapter.9}% 214
\BOOKMARK [2][-]{subsection.9.105.1}{\376\377\0009\000.\0001\0000\0005\000.\0001\000\040\000D\000e\000t\000a\000i\000l\000e\000d\000\040\000D\000e\000s\000c\000r\000i\000p\000t\000i\000o\000n}{section.9.105}% 215
\BOOKMARK [1][-]{section.9.106}{\376\377\0009\000.\0001\0000\0006\000\040\000E\000n\000t\000i\000t\000y\000.\000h}{chapter.9}% 216
\BOOKMARK [1][-]{section.9.107}{\376\377\0009\000.\0001\0000\0007\000\040\000/\000m\000n\000t\000/\000r\000e\000n\000d\000e\000r\000e\000r\000/\000Z\000e\000r\000o\000/\000s\000r\000c\000/\000F\000u\000n\000c\000t\000i\000o\000n\000L\000a\000y\000e\000r\000/\000S\000h\000a\000p\000e\000/\000S\000p\000h\000e\000r\000e\000.\000c\000p\000p\000\040\000F\000i\000l\000e\000\040\000R\000e\000f\000e\000r\000e\000n\000c\000e}{chapter.9}% 217
\BOOKMARK [2][-]{subsection.9.107.1}{\376\377\0009\000.\0001\0000\0007\000.\0001\000\040\000D\000e\000t\000a\000i\000l\000e\000d\000\040\000D\000e\000s\000c\000r\000i\000p\000t\000i\000o\000n}{section.9.107}% 218
\BOOKMARK [1][-]{section.9.108}{\376\377\0009\000.\0001\0000\0008\000\040\000/\000m\000n\000t\000/\000r\000e\000n\000d\000e\000r\000e\000r\000/\000Z\000e\000r\000o\000/\000s\000r\000c\000/\000F\000u\000n\000c\000t\000i\000o\000n\000L\000a\000y\000e\000r\000/\000S\000h\000a\000p\000e\000/\000S\000p\000h\000e\000r\000e\000.\000h\000\040\000F\000i\000l\000e\000\040\000R\000e\000f\000e\000r\000e\000n\000c\000e}{chapter.9}% 219
\BOOKMARK [2][-]{subsection.9.108.1}{\376\377\0009\000.\0001\0000\0008\000.\0001\000\040\000D\000e\000t\000a\000i\000l\000e\000d\000\040\000D\000e\000s\000c\000r\000i\000p\000t\000i\000o\000n}{section.9.108}% 220
\BOOKMARK [1][-]{section.9.109}{\376\377\0009\000.\0001\0000\0009\000\040\000S\000p\000h\000e\000r\000e\000.\000h}{chapter.9}% 221
\BOOKMARK [1][-]{section.9.110}{\376\377\0009\000.\0001\0001\0000\000\040\000/\000m\000n\000t\000/\000r\000e\000n\000d\000e\000r\000e\000r\000/\000Z\000e\000r\000o\000/\000s\000r\000c\000/\000F\000u\000n\000c\000t\000i\000o\000n\000L\000a\000y\000e\000r\000/\000S\000h\000a\000p\000e\000/\000T\000r\000i\000a\000n\000g\000l\000e\000.\000c\000p\000p\000\040\000F\000i\000l\000e\000\040\000R\000e\000f\000e\000r\000e\000n\000c\000e}{chapter.9}% 222
\BOOKMARK [2][-]{subsection.9.110.1}{\376\377\0009\000.\0001\0001\0000\000.\0001\000\040\000D\000e\000t\000a\000i\000l\000e\000d\000\040\000D\000e\000s\000c\000r\000i\000p\000t\000i\000o\000n}{section.9.110}% 223
\BOOKMARK [1][-]{section.9.111}{\376\377\0009\000.\0001\0001\0001\000\040\000/\000m\000n\000t\000/\000r\000e\000n\000d\000e\000r\000e\000r\000/\000Z\000e\000r\000o\000/\000s\000r\000c\000/\000F\000u\000n\000c\000t\000i\000o\000n\000L\000a\000y\000e\000r\000/\000S\000h\000a\000p\000e\000/\000T\000r\000i\000a\000n\000g\000l\000e\000.\000h\000\040\000F\000i\000l\000e\000\040\000R\000e\000f\000e\000r\000e\000n\000c\000e}{chapter.9}% 224
\BOOKMARK [2][-]{subsection.9.111.1}{\376\377\0009\000.\0001\0001\0001\000.\0001\000\040\000D\000e\000t\000a\000i\000l\000e\000d\000\040\000D\000e\000s\000c\000r\000i\000p\000t\000i\000o\000n}{section.9.111}% 225
\BOOKMARK [1][-]{section.9.112}{\376\377\0009\000.\0001\0001\0002\000\040\000T\000r\000i\000a\000n\000g\000l\000e\000.\000h}{chapter.9}% 226
\BOOKMARK [1][-]{section.9.113}{\376\377\0009\000.\0001\0001\0003\000\040\000/\000m\000n\000t\000/\000r\000e\000n\000d\000e\000r\000e\000r\000/\000Z\000e\000r\000o\000/\000s\000r\000c\000/\000F\000u\000n\000c\000t\000i\000o\000n\000L\000a\000y\000e\000r\000/\000T\000e\000x\000t\000u\000r\000e\000/\000I\000m\000a\000g\000e\000T\000e\000x\000t\000u\000r\000e\000.\000c\000p\000p\000\040\000F\000i\000l\000e\000\040\000R\000e\000f\000e\000r\000e\000n\000c\000e}{chapter.9}% 227
\BOOKMARK [2][-]{subsection.9.113.1}{\376\377\0009\000.\0001\0001\0003\000.\0001\000\040\000D\000e\000t\000a\000i\000l\000e\000d\000\040\000D\000e\000s\000c\000r\000i\000p\000t\000i\000o\000n}{section.9.113}% 228
\BOOKMARK [1][-]{section.9.114}{\376\377\0009\000.\0001\0001\0004\000\040\000/\000m\000n\000t\000/\000r\000e\000n\000d\000e\000r\000e\000r\000/\000Z\000e\000r\000o\000/\000s\000r\000c\000/\000F\000u\000n\000c\000t\000i\000o\000n\000L\000a\000y\000e\000r\000/\000T\000e\000x\000t\000u\000r\000e\000/\000I\000m\000a\000g\000e\000T\000e\000x\000t\000u\000r\000e\000.\000h\000\040\000F\000i\000l\000e\000\040\000R\000e\000f\000e\000r\000e\000n\000c\000e}{chapter.9}% 229
\BOOKMARK [2][-]{subsection.9.114.1}{\376\377\0009\000.\0001\0001\0004\000.\0001\000\040\000D\000e\000t\000a\000i\000l\000e\000d\000\040\000D\000e\000s\000c\000r\000i\000p\000t\000i\000o\000n}{section.9.114}% 230
\BOOKMARK [1][-]{section.9.115}{\376\377\0009\000.\0001\0001\0005\000\040\000I\000m\000a\000g\000e\000T\000e\000x\000t\000u\000r\000e\000.\000h}{chapter.9}% 231
\BOOKMARK [1][-]{section.9.116}{\376\377\0009\000.\0001\0001\0006\000\040\000/\000m\000n\000t\000/\000r\000e\000n\000d\000e\000r\000e\000r\000/\000Z\000e\000r\000o\000/\000s\000r\000c\000/\000F\000u\000n\000c\000t\000i\000o\000n\000L\000a\000y\000e\000r\000/\000T\000e\000x\000t\000u\000r\000e\000/\000P\000r\000o\000c\000e\000d\000u\000r\000a\000l\000T\000e\000x\000t\000u\000r\000e\000.\000c\000p\000p\000\040\000F\000i\000l\000e\000\040\000R\000e\000f\000e\000r\000e\000n\000c\000e}{chapter.9}% 232
\BOOKMARK [2][-]{subsection.9.116.1}{\376\377\0009\000.\0001\0001\0006\000.\0001\000\040\000D\000e\000t\000a\000i\000l\000e\000d\000\040\000D\000e\000s\000c\000r\000i\000p\000t\000i\000o\000n}{section.9.116}% 233
\BOOKMARK [1][-]{section.9.117}{\376\377\0009\000.\0001\0001\0007\000\040\000/\000m\000n\000t\000/\000r\000e\000n\000d\000e\000r\000e\000r\000/\000Z\000e\000r\000o\000/\000s\000r\000c\000/\000F\000u\000n\000c\000t\000i\000o\000n\000L\000a\000y\000e\000r\000/\000T\000e\000x\000t\000u\000r\000e\000/\000P\000r\000o\000c\000e\000d\000u\000r\000a\000l\000T\000e\000x\000t\000u\000r\000e\000.\000h\000\040\000F\000i\000l\000e\000\040\000R\000e\000f\000e\000r\000e\000n\000c\000e}{chapter.9}% 234
\BOOKMARK [2][-]{subsection.9.117.1}{\376\377\0009\000.\0001\0001\0007\000.\0001\000\040\000D\000e\000t\000a\000i\000l\000e\000d\000\040\000D\000e\000s\000c\000r\000i\000p\000t\000i\000o\000n}{section.9.117}% 235
\BOOKMARK [1][-]{section.9.118}{\376\377\0009\000.\0001\0001\0008\000\040\000P\000r\000o\000c\000e\000d\000u\000r\000a\000l\000T\000e\000x\000t\000u\000r\000e\000.\000h}{chapter.9}% 236
\BOOKMARK [1][-]{section.9.119}{\376\377\0009\000.\0001\0001\0009\000\040\000/\000m\000n\000t\000/\000r\000e\000n\000d\000e\000r\000e\000r\000/\000Z\000e\000r\000o\000/\000s\000r\000c\000/\000F\000u\000n\000c\000t\000i\000o\000n\000L\000a\000y\000e\000r\000/\000T\000e\000x\000t\000u\000r\000e\000/\000T\000e\000x\000t\000u\000r\000e\000.\000h\000\040\000F\000i\000l\000e\000\040\000R\000e\000f\000e\000r\000e\000n\000c\000e}{chapter.9}% 237
\BOOKMARK [2][-]{subsection.9.119.1}{\376\377\0009\000.\0001\0001\0009\000.\0001\000\040\000D\000e\000t\000a\000i\000l\000e\000d\000\040\000D\000e\000s\000c\000r\000i\000p\000t\000i\000o\000n}{section.9.119}% 238
\BOOKMARK [1][-]{section.9.120}{\376\377\0009\000.\0001\0002\0000\000\040\000T\000e\000x\000t\000u\000r\000e\000.\000h}{chapter.9}% 239
\BOOKMARK [1][-]{section.9.121}{\376\377\0009\000.\0001\0002\0001\000\040\000/\000m\000n\000t\000/\000r\000e\000n\000d\000e\000r\000e\000r\000/\000Z\000e\000r\000o\000/\000s\000r\000c\000/\000F\000u\000n\000c\000t\000i\000o\000n\000L\000a\000y\000e\000r\000/\000T\000e\000x\000t\000u\000r\000e\000/\000T\000e\000x\000t\000u\000r\000e\000M\000a\000p\000p\000i\000n\000g\000.\000c\000p\000p\000\040\000F\000i\000l\000e\000\040\000R\000e\000f\000e\000r\000e\000n\000c\000e}{chapter.9}% 240
\BOOKMARK [2][-]{subsection.9.121.1}{\376\377\0009\000.\0001\0002\0001\000.\0001\000\040\000D\000e\000t\000a\000i\000l\000e\000d\000\040\000D\000e\000s\000c\000r\000i\000p\000t\000i\000o\000n}{section.9.121}% 241
\BOOKMARK [1][-]{section.9.122}{\376\377\0009\000.\0001\0002\0002\000\040\000/\000m\000n\000t\000/\000r\000e\000n\000d\000e\000r\000e\000r\000/\000Z\000e\000r\000o\000/\000s\000r\000c\000/\000F\000u\000n\000c\000t\000i\000o\000n\000L\000a\000y\000e\000r\000/\000T\000e\000x\000t\000u\000r\000e\000/\000T\000e\000x\000t\000u\000r\000e\000M\000a\000p\000p\000i\000n\000g\000.\000h\000\040\000F\000i\000l\000e\000\040\000R\000e\000f\000e\000r\000e\000n\000c\000e}{chapter.9}% 242
\BOOKMARK [2][-]{subsection.9.122.1}{\376\377\0009\000.\0001\0002\0002\000.\0001\000\040\000D\000e\000t\000a\000i\000l\000e\000d\000\040\000D\000e\000s\000c\000r\000i\000p\000t\000i\000o\000n}{section.9.122}% 243
\BOOKMARK [1][-]{section.9.123}{\376\377\0009\000.\0001\0002\0003\000\040\000T\000e\000x\000t\000u\000r\000e\000M\000a\000p\000p\000i\000n\000g\000.\000h}{chapter.9}% 244
\BOOKMARK [1][-]{section.9.124}{\376\377\0009\000.\0001\0002\0004\000\040\000/\000m\000n\000t\000/\000r\000e\000n\000d\000e\000r\000e\000r\000/\000Z\000e\000r\000o\000/\000s\000r\000c\000/\000F\000u\000n\000c\000t\000i\000o\000n\000L\000a\000y\000e\000r\000/\000T\000i\000l\000e\000G\000e\000n\000e\000r\000a\000t\000o\000r\000/\000S\000e\000q\000u\000e\000n\000c\000e\000T\000i\000l\000e\000G\000e\000n\000e\000r\000a\000t\000o\000r\000.\000c\000p\000p\000\040\000F\000i\000l\000e\000\040\000R\000e\000f\000e\000r\000e\000n\000c\000e}{chapter.9}% 245
\BOOKMARK [2][-]{subsection.9.124.1}{\376\377\0009\000.\0001\0002\0004\000.\0001\000\040\000D\000e\000t\000a\000i\000l\000e\000d\000\040\000D\000e\000s\000c\000r\000i\000p\000t\000i\000o\000n}{section.9.124}% 246
\BOOKMARK [1][-]{section.9.125}{\376\377\0009\000.\0001\0002\0005\000\040\000/\000m\000n\000t\000/\000r\000e\000n\000d\000e\000r\000e\000r\000/\000Z\000e\000r\000o\000/\000s\000r\000c\000/\000F\000u\000n\000c\000t\000i\000o\000n\000L\000a\000y\000e\000r\000/\000T\000i\000l\000e\000G\000e\000n\000e\000r\000a\000t\000o\000r\000/\000S\000e\000q\000u\000e\000n\000c\000e\000T\000i\000l\000e\000G\000e\000n\000e\000r\000a\000t\000o\000r\000.\000h\000\040\000F\000i\000l\000e\000\040\000R\000e\000f\000e\000r\000e\000n\000c\000e}{chapter.9}% 247
\BOOKMARK [2][-]{subsection.9.125.1}{\376\377\0009\000.\0001\0002\0005\000.\0001\000\040\000D\000e\000t\000a\000i\000l\000e\000d\000\040\000D\000e\000s\000c\000r\000i\000p\000t\000i\000o\000n}{section.9.125}% 248
\BOOKMARK [1][-]{section.9.126}{\376\377\0009\000.\0001\0002\0006\000\040\000S\000e\000q\000u\000e\000n\000c\000e\000T\000i\000l\000e\000G\000e\000n\000e\000r\000a\000t\000o\000r\000.\000h}{chapter.9}% 249
\BOOKMARK [1][-]{section.9.127}{\376\377\0009\000.\0001\0002\0007\000\040\000/\000m\000n\000t\000/\000r\000e\000n\000d\000e\000r\000e\000r\000/\000Z\000e\000r\000o\000/\000s\000r\000c\000/\000F\000u\000n\000c\000t\000i\000o\000n\000L\000a\000y\000e\000r\000/\000T\000i\000l\000e\000G\000e\000n\000e\000r\000a\000t\000o\000r\000/\000T\000i\000l\000e\000G\000e\000n\000e\000r\000a\000t\000o\000r\000.\000c\000p\000p\000\040\000F\000i\000l\000e\000\040\000R\000e\000f\000e\000r\000e\000n\000c\000e}{chapter.9}% 250
\BOOKMARK [2][-]{subsection.9.127.1}{\376\377\0009\000.\0001\0002\0007\000.\0001\000\040\000D\000e\000t\000a\000i\000l\000e\000d\000\040\000D\000e\000s\000c\000r\000i\000p\000t\000i\000o\000n}{section.9.127}% 251
\BOOKMARK [1][-]{section.9.128}{\376\377\0009\000.\0001\0002\0008\000\040\000/\000m\000n\000t\000/\000r\000e\000n\000d\000e\000r\000e\000r\000/\000Z\000e\000r\000o\000/\000s\000r\000c\000/\000F\000u\000n\000c\000t\000i\000o\000n\000L\000a\000y\000e\000r\000/\000T\000i\000l\000e\000G\000e\000n\000e\000r\000a\000t\000o\000r\000/\000T\000i\000l\000e\000G\000e\000n\000e\000r\000a\000t\000o\000r\000.\000h\000\040\000F\000i\000l\000e\000\040\000R\000e\000f\000e\000r\000e\000n\000c\000e}{chapter.9}% 252
\BOOKMARK [2][-]{subsection.9.128.1}{\376\377\0009\000.\0001\0002\0008\000.\0001\000\040\000D\000e\000t\000a\000i\000l\000e\000d\000\040\000D\000e\000s\000c\000r\000i\000p\000t\000i\000o\000n}{section.9.128}% 253
\BOOKMARK [1][-]{section.9.129}{\376\377\0009\000.\0001\0002\0009\000\040\000T\000i\000l\000e\000G\000e\000n\000e\000r\000a\000t\000o\000r\000.\000h}{chapter.9}% 254
\BOOKMARK [1][-]{section.9.130}{\376\377\0009\000.\0001\0003\0000\000\040\000/\000m\000n\000t\000/\000r\000e\000n\000d\000e\000r\000e\000r\000/\000Z\000e\000r\000o\000/\000s\000r\000c\000/\000R\000e\000s\000o\000u\000r\000c\000e\000L\000a\000y\000e\000r\000/\000F\000i\000l\000e\000/\000I\000m\000a\000g\000e\000.\000h\000\040\000F\000i\000l\000e\000\040\000R\000e\000f\000e\000r\000e\000n\000c\000e}{chapter.9}% 255
\BOOKMARK [2][-]{subsection.9.130.1}{\376\377\0009\000.\0001\0003\0000\000.\0001\000\040\000D\000e\000t\000a\000i\000l\000e\000d\000\040\000D\000e\000s\000c\000r\000i\000p\000t\000i\000o\000n}{section.9.130}% 256
\BOOKMARK [1][-]{section.9.131}{\376\377\0009\000.\0001\0003\0001\000\040\000I\000m\000a\000g\000e\000.\000h}{chapter.9}% 257
\BOOKMARK [1][-]{section.9.132}{\376\377\0009\000.\0001\0003\0002\000\040\000/\000m\000n\000t\000/\000r\000e\000n\000d\000e\000r\000e\000r\000/\000Z\000e\000r\000o\000/\000s\000r\000c\000/\000R\000e\000s\000o\000u\000r\000c\000e\000L\000a\000y\000e\000r\000/\000F\000i\000l\000e\000/\000M\000e\000s\000h\000D\000a\000t\000a\000.\000h\000\040\000F\000i\000l\000e\000\040\000R\000e\000f\000e\000r\000e\000n\000c\000e}{chapter.9}% 258
\BOOKMARK [2][-]{subsection.9.132.1}{\376\377\0009\000.\0001\0003\0002\000.\0001\000\040\000D\000e\000t\000a\000i\000l\000e\000d\000\040\000D\000e\000s\000c\000r\000i\000p\000t\000i\000o\000n}{section.9.132}% 259
\BOOKMARK [1][-]{section.9.133}{\376\377\0009\000.\0001\0003\0003\000\040\000M\000e\000s\000h\000D\000a\000t\000a\000.\000h}{chapter.9}% 260
\BOOKMARK [1][-]{section.9.134}{\376\377\0009\000.\0001\0003\0004\000\040\000/\000m\000n\000t\000/\000r\000e\000n\000d\000e\000r\000e\000r\000/\000Z\000e\000r\000o\000/\000s\000r\000c\000/\000R\000e\000s\000o\000u\000r\000c\000e\000L\000a\000y\000e\000r\000/\000R\000e\000s\000o\000u\000r\000c\000e\000M\000a\000n\000a\000g\000e\000r\000.\000h\000\040\000F\000i\000l\000e\000\040\000R\000e\000f\000e\000r\000e\000n\000c\000e}{chapter.9}% 261
\BOOKMARK [2][-]{subsection.9.134.1}{\376\377\0009\000.\0001\0003\0004\000.\0001\000\040\000D\000e\000t\000a\000i\000l\000e\000d\000\040\000D\000e\000s\000c\000r\000i\000p\000t\000i\000o\000n}{section.9.134}% 262
\BOOKMARK [1][-]{section.9.135}{\376\377\0009\000.\0001\0003\0005\000\040\000R\000e\000s\000o\000u\000r\000c\000e\000M\000a\000n\000a\000g\000e\000r\000.\000h}{chapter.9}% 263
